2018-01-22 09:42:38,085 [main] INFO  org.mule.module.launcher.application.DefaultMuleApplication - 
++++++++++++++++++++++++++++++++++++++++++++++++++++++++++++
+ Initializing app 'apache-activemq'                       +
++++++++++++++++++++++++++++++++++++++++++++++++++++++++++++
2018-01-22 09:42:38,350 [main] INFO  org.mule.lifecycle.AbstractLifecycleManager - Initialising RegistryBroker
2018-01-22 09:42:38,491 [main] INFO  org.mule.module.extension.internal.manager.DefaultExtensionManager - Starting discovery of extensions
2018-01-22 09:42:38,678 [main] INFO  org.mule.module.extension.internal.manager.DefaultExtensionManager - Discovered 1 extensions
2018-01-22 09:42:38,678 [main] INFO  org.mule.module.extension.internal.manager.DefaultExtensionManager - Registering extension validation (version 3.8)
2018-01-22 09:42:38,874 [main] INFO  org.mule.config.spring.MuleArtifactContext - Refreshing org.mule.config.spring.MuleArtifactContext@1ac85b0c: startup date [Mon Jan 22 09:42:38 IST 2018]; root of context hierarchy
2018-01-22 09:42:40,406 [main] INFO  org.mule.config.spring.processors.NoDevkitInjectorProcessor - JSR-330 'javax.inject.Inject' annotation found and supported for autowiring
2018-01-22 09:42:41,306 [main] WARN  org.mule.module.ognl.expression.OgnlExpressionEvaluator - OGNL module is deprecated and will be removed in Mule 4.0. Use MEL expressions instead.
2018-01-22 09:42:42,196 [main] INFO  org.mule.util.journal.TransactionJournal - Using files for tx logs C:\Users\EAI\AnypointStudio\workspace\mule_soft\.mule\.\.mule\apache-activemq\queue-tx-log\tx1.log and C:\Users\EAI\AnypointStudio\workspace\mule_soft\.mule\.\.mule\apache-activemq\queue-tx-log\tx2.log
2018-01-22 09:42:42,206 [main] INFO  org.mule.util.journal.TransactionJournal - Using files for tx logs C:\Users\EAI\AnypointStudio\workspace\mule_soft\.mule\.\.mule\apache-activemq\queue-xa-tx-log\tx1.log and C:\Users\EAI\AnypointStudio\workspace\mule_soft\.mule\.\.mule\apache-activemq\queue-xa-tx-log\tx2.log
2018-01-22 09:42:42,237 [main] INFO  org.mule.lifecycle.AbstractLifecycleManager - Initialising connector: Active_MQ
2018-01-22 09:42:42,362 [main] INFO  org.mule.lifecycle.AbstractLifecycleManager - Initialising model: _muleSystemModel
2018-01-22 09:42:42,362 [main] INFO  org.mule.construct.FlowConstructLifecycleManager - Initialising flow: apache-activemqFlow
2018-01-22 09:42:42,362 [main] INFO  org.mule.exception.DefaultMessagingExceptionStrategy - Initialising exception listener: org.mule.exception.DefaultMessagingExceptionStrategy@20580d4e
2018-01-22 09:42:42,378 [main] INFO  org.mule.processor.SedaStageLifecycleManager - Initialising service: apache-activemqFlow.stage1
2018-01-22 09:42:42,690 [main] INFO  org.mule.config.spring.SpringXmlConfigurationBuilder - Configured Mule using "org.mule.config.spring.SpringXmlConfigurationBuilder" with configuration resource(s): "[ConfigResource{resourceName='C:\Users\EAI\AnypointStudio\workspace\mule_soft\.mule\apps\apache-activemq\apache-activemq.xml'}]"
2018-01-22 09:42:42,690 [main] INFO  org.mule.config.builders.AutoConfigurationBuilder - Configured Mule using "org.mule.config.builders.AutoConfigurationBuilder" with configuration resource(s): "[ConfigResource{resourceName='C:\Users\EAI\AnypointStudio\workspace\mule_soft\.mule\apps\apache-activemq\apache-activemq.xml'}]"
2018-01-22 09:42:45,807 [main] INFO  org.mule.module.launcher.application.DefaultMuleApplication - 
++++++++++++++++++++++++++++++++++++++++++++++++++++++++++++
+ Starting app 'apache-activemq'                           +
++++++++++++++++++++++++++++++++++++++++++++++++++++++++++++
2018-01-22 09:42:45,813 [main] INFO  org.mule.util.queue.QueueXaResourceManager - Starting ResourceManager
2018-01-22 09:42:45,813 [main] INFO  org.mule.util.queue.QueueXaResourceManager - Started ResourceManager
2018-01-22 09:42:45,954 [main] INFO  org.mule.module.http.internal.listener.DefaultHttpListenerConfig - Listening for requests on http://0.0.0.0:8081
2018-01-22 09:42:45,970 [main] ERROR org.mule.retry.notifiers.ConnectNotifier - Failed to connect/reconnect: ActiveMQJmsConnector
{
  name=Active_MQ
  lifecycle=initialise
  this=77f991c
  numberOfConcurrentTransactedReceivers=4
  createMultipleTransactedReceivers=true
  connected=false
  supportedProtocols=[jms]
  serviceOverrides=<none>
}
. Root Exception was: org.apache.activemq.ActiveMQConnectionFactory. Type: class java.lang.ClassNotFoundException
2018-01-22 09:42:45,985 [main] ERROR org.mule.module.launcher.application.DefaultMuleApplication - org.apache.activemq.ActiveMQConnectionFactory (java.lang.ClassNotFoundException)
2018-01-22 09:42:45,985 [main] INFO  org.mule.module.launcher.application.DefaultMuleApplication - 
++++++++++++++++++++++++++++++++++++++++++++++++++++++++++++
+ Disposing app 'apache-activemq'                          +
++++++++++++++++++++++++++++++++++++++++++++++++++++++++++++
2018-01-22 09:42:45,985 [main] INFO  org.mule.lifecycle.AbstractLifecycleManager - Disposing RegistryBroker
2018-01-22 09:42:45,985 [main] INFO  org.mule.construct.FlowConstructLifecycleManager - Disposing flow: apache-activemqFlow
2018-01-22 09:42:45,985 [main] INFO  org.mule.processor.SedaStageLifecycleManager - Disposing service: apache-activemqFlow.stage1
2018-01-22 09:42:45,985 [main] INFO  org.mule.lifecycle.AbstractLifecycleManager - Disposing model: _muleSystemModel
2018-01-22 09:42:46,001 [main] INFO  org.mule.lifecycle.AbstractLifecycleManager - Disposing connector: Active_MQ
2018-01-22 09:42:46,188 [main] INFO  org.mule.config.spring.MuleArtifactContext - Closing org.mule.config.spring.MuleArtifactContext@1ac85b0c: startup date [Mon Jan 22 09:42:38 IST 2018]; root of context hierarchy
2018-01-22 09:42:46,392 [main] INFO  org.mule.DefaultMuleContext - 
**********************************************************************
* Application "apache-activemq" shut down normally on: 1/22/18 9:42  *
* AM                                                                 *
* Up for: 0 days, 0 hours, 0 mins, 0.585 sec                         *
**********************************************************************
2018-01-22 09:44:06,173 [main] INFO  org.mule.module.launcher.application.DefaultMuleApplication - 
++++++++++++++++++++++++++++++++++++++++++++++++++++++++++++
+ Initializing app 'apache-activemq'                       +
++++++++++++++++++++++++++++++++++++++++++++++++++++++++++++
2018-01-22 09:44:06,344 [main] INFO  org.mule.lifecycle.AbstractLifecycleManager - Initialising RegistryBroker
2018-01-22 09:44:06,423 [main] INFO  org.mule.module.extension.internal.manager.DefaultExtensionManager - Starting discovery of extensions
2018-01-22 09:44:06,501 [main] INFO  org.mule.module.extension.internal.manager.DefaultExtensionManager - Discovered 1 extensions
2018-01-22 09:44:06,501 [main] INFO  org.mule.module.extension.internal.manager.DefaultExtensionManager - Registering extension validation (version 3.8)
2018-01-22 09:44:06,548 [main] INFO  org.mule.config.spring.MuleArtifactContext - Refreshing org.mule.config.spring.MuleArtifactContext@59a67c3a: startup date [Mon Jan 22 09:44:06 IST 2018]; root of context hierarchy
2018-01-22 09:44:07,626 [main] INFO  org.mule.config.spring.processors.NoDevkitInjectorProcessor - JSR-330 'javax.inject.Inject' annotation found and supported for autowiring
2018-01-22 09:44:08,227 [main] WARN  org.mule.module.ognl.expression.OgnlExpressionEvaluator - OGNL module is deprecated and will be removed in Mule 4.0. Use MEL expressions instead.
2018-01-22 09:44:08,821 [main] INFO  org.mule.util.journal.TransactionJournal - Using files for tx logs C:\Users\EAI\AnypointStudio\workspace\mule_soft\.mule\.\.mule\apache-activemq\queue-tx-log\tx1.log and C:\Users\EAI\AnypointStudio\workspace\mule_soft\.mule\.\.mule\apache-activemq\queue-tx-log\tx2.log
2018-01-22 09:44:08,833 [main] INFO  org.mule.util.journal.TransactionJournal - Using files for tx logs C:\Users\EAI\AnypointStudio\workspace\mule_soft\.mule\.\.mule\apache-activemq\queue-xa-tx-log\tx1.log and C:\Users\EAI\AnypointStudio\workspace\mule_soft\.mule\.\.mule\apache-activemq\queue-xa-tx-log\tx2.log
2018-01-22 09:44:08,848 [main] INFO  org.mule.lifecycle.AbstractLifecycleManager - Initialising connector: Active_MQ
2018-01-22 09:44:08,942 [main] INFO  org.mule.lifecycle.AbstractLifecycleManager - Initialising model: _muleSystemModel
2018-01-22 09:44:08,942 [main] INFO  org.mule.construct.FlowConstructLifecycleManager - Initialising flow: apache-activemqFlow
2018-01-22 09:44:08,942 [main] INFO  org.mule.exception.DefaultMessagingExceptionStrategy - Initialising exception listener: org.mule.exception.DefaultMessagingExceptionStrategy@29050de5
2018-01-22 09:44:08,973 [main] INFO  org.mule.processor.SedaStageLifecycleManager - Initialising service: apache-activemqFlow.stage1
2018-01-22 09:44:09,192 [main] INFO  org.mule.config.spring.SpringXmlConfigurationBuilder - Configured Mule using "org.mule.config.spring.SpringXmlConfigurationBuilder" with configuration resource(s): "[ConfigResource{resourceName='C:\Users\EAI\AnypointStudio\workspace\mule_soft\.mule\apps\apache-activemq\apache-activemq.xml'}]"
2018-01-22 09:44:09,192 [main] INFO  org.mule.config.builders.AutoConfigurationBuilder - Configured Mule using "org.mule.config.builders.AutoConfigurationBuilder" with configuration resource(s): "[ConfigResource{resourceName='C:\Users\EAI\AnypointStudio\workspace\mule_soft\.mule\apps\apache-activemq\apache-activemq.xml'}]"
2018-01-22 09:44:12,225 [main] INFO  org.mule.module.launcher.application.DefaultMuleApplication - 
++++++++++++++++++++++++++++++++++++++++++++++++++++++++++++
+ Starting app 'apache-activemq'                           +
++++++++++++++++++++++++++++++++++++++++++++++++++++++++++++
2018-01-22 09:44:12,225 [main] INFO  org.mule.util.queue.QueueXaResourceManager - Starting ResourceManager
2018-01-22 09:44:12,225 [main] INFO  org.mule.util.queue.QueueXaResourceManager - Started ResourceManager
2018-01-22 09:44:12,282 [main] INFO  org.mule.module.http.internal.listener.DefaultHttpListenerConfig - Listening for requests on http://0.0.0.0:8081
2018-01-22 09:44:12,735 [main] INFO  org.mule.transport.jms.activemq.ActiveMQJmsConnector - Connected: ActiveMQJmsConnector
{
  name=Active_MQ
  lifecycle=initialise
  this=5f05c8d6
  numberOfConcurrentTransactedReceivers=4
  createMultipleTransactedReceivers=true
  connected=true
  supportedProtocols=[jms]
  serviceOverrides=<none>
}

2018-01-22 09:44:12,735 [main] INFO  org.mule.transport.jms.activemq.ActiveMQJmsConnector - Starting: ActiveMQJmsConnector
{
  name=Active_MQ
  lifecycle=initialise
  this=5f05c8d6
  numberOfConcurrentTransactedReceivers=4
  createMultipleTransactedReceivers=true
  connected=true
  supportedProtocols=[jms]
  serviceOverrides=<none>
}

2018-01-22 09:44:12,735 [main] INFO  org.mule.lifecycle.AbstractLifecycleManager - Starting connector: Active_MQ
2018-01-22 09:44:12,751 [main] INFO  org.mule.modules.oauth2.provider.agents.DefaultSplashScreenAgent - 
++++++++++++++++++++++++++++++++++++++++++++++++++++++++++++++++++++++++++++++++
+ DevKit Extensions (0) used in this application 
                             +
++++++++++++++++++++++++++++++++++++++++++++++++++++++++++++++++++++++++++++++++
2018-01-22 09:44:12,751 [main] INFO  org.mule.lifecycle.AbstractLifecycleManager - Starting model: _muleSystemModel
2018-01-22 09:44:12,751 [main] INFO  org.mule.construct.FlowConstructLifecycleManager - Starting flow: apache-activemqFlow
2018-01-22 09:44:12,751 [main] INFO  org.mule.processor.SedaStageLifecycleManager - Starting service: apache-activemqFlow.stage1
2018-01-22 09:44:12,798 [main] INFO  org.mule.module.management.agent.WrapperManagerAgent - This JVM hasn't been launched by the wrapper, the agent will not run.
2018-01-22 09:44:12,813 [main] INFO  org.mule.module.management.agent.AbstractJmxAgent - Registered Connector Service with name Mule.apache-activemq:type=Connector,name="Active_MQ"
2018-01-22 09:44:12,813 [main] INFO  org.mule.DefaultMuleContext - 
**********************************************************************
* Application: apache-activemq                                       *
* OS encoding: \, Mule encoding: UTF-8                               *
*                                                                    *
* Agents Running:                                                    *
*   Batch module default engine                                      *
*   JMX Agent                                                        *
*   DevKit Extension Information                                     *
*   Wrapper Manager                                                  *
**********************************************************************
2018-01-22 09:47:05,533 [[apache-activemq].HTTP_Listener_Configuration.worker.01] INFO  org.mule.transport.service.DefaultTransportServiceDescriptor - Loading default outbound transformer: org.mule.transport.jms.transformers.ObjectToJMSMessage
2018-01-22 09:47:05,533 [[apache-activemq].HTTP_Listener_Configuration.worker.01] INFO  org.mule.transport.service.DefaultTransportServiceDescriptor - Loading default response transformer: org.mule.transport.jms.transformers.ObjectToJMSMessage
2018-01-22 09:47:05,533 [[apache-activemq].HTTP_Listener_Configuration.worker.01] WARN  com.mulesoft.mule.transport.jms.EeJmsMessageDispatcher - Starting patched JmsMessageReceiver
2018-01-22 09:47:05,534 [[apache-activemq].HTTP_Listener_Configuration.worker.01] INFO  org.mule.lifecycle.AbstractLifecycleManager - Initialising: 'Active_MQ.dispatcher.682225359'. Object is: EeJmsMessageDispatcher
2018-01-22 09:47:05,535 [[apache-activemq].HTTP_Listener_Configuration.worker.01] INFO  org.mule.lifecycle.AbstractLifecycleManager - Starting: 'Active_MQ.dispatcher.682225359'. Object is: EeJmsMessageDispatcher
2018-01-22 10:22:11,836 [main] INFO  org.mule.module.launcher.application.DefaultMuleApplication - 
++++++++++++++++++++++++++++++++++++++++++++++++++++++++++++
+ Initializing app 'apache-activemq'                       +
++++++++++++++++++++++++++++++++++++++++++++++++++++++++++++
2018-01-22 10:22:11,993 [main] INFO  org.mule.lifecycle.AbstractLifecycleManager - Initialising RegistryBroker
2018-01-22 10:22:12,067 [main] INFO  org.mule.module.extension.internal.manager.DefaultExtensionManager - Starting discovery of extensions
2018-01-22 10:22:12,161 [main] INFO  org.mule.module.extension.internal.manager.DefaultExtensionManager - Discovered 1 extensions
2018-01-22 10:22:12,161 [main] INFO  org.mule.module.extension.internal.manager.DefaultExtensionManager - Registering extension validation (version 3.8)
2018-01-22 10:22:12,204 [main] INFO  org.mule.config.spring.MuleArtifactContext - Refreshing org.mule.config.spring.MuleArtifactContext@59a67c3a: startup date [Mon Jan 22 10:22:12 IST 2018]; root of context hierarchy
2018-01-22 10:22:13,303 [main] INFO  org.mule.config.spring.processors.NoDevkitInjectorProcessor - JSR-330 'javax.inject.Inject' annotation found and supported for autowiring
2018-01-22 10:22:13,940 [main] WARN  org.mule.module.ognl.expression.OgnlExpressionEvaluator - OGNL module is deprecated and will be removed in Mule 4.0. Use MEL expressions instead.
2018-01-22 10:22:14,503 [main] INFO  org.mule.util.journal.TransactionJournal - Using files for tx logs C:\Users\EAI\AnypointStudio\workspace\mule_soft\.mule\.\.mule\apache-activemq\queue-tx-log\tx1.log and C:\Users\EAI\AnypointStudio\workspace\mule_soft\.mule\.\.mule\apache-activemq\queue-tx-log\tx2.log
2018-01-22 10:22:14,515 [main] INFO  org.mule.util.journal.TransactionJournal - Using files for tx logs C:\Users\EAI\AnypointStudio\workspace\mule_soft\.mule\.\.mule\apache-activemq\queue-xa-tx-log\tx1.log and C:\Users\EAI\AnypointStudio\workspace\mule_soft\.mule\.\.mule\apache-activemq\queue-xa-tx-log\tx2.log
2018-01-22 10:22:14,520 [main] INFO  org.mule.lifecycle.AbstractLifecycleManager - Initialising connector: Active_MQ
2018-01-22 10:22:14,555 [main] INFO  org.mule.lifecycle.AbstractLifecycleManager - Initialising connector: Active_MQ1
2018-01-22 10:22:14,568 [main] INFO  org.mule.lifecycle.AbstractLifecycleManager - Initialising connector: connector.file.mule.default
2018-01-22 10:22:14,638 [main] INFO  org.mule.lifecycle.AbstractLifecycleManager - Initialising model: _muleSystemModel
2018-01-22 10:22:14,642 [main] INFO  org.mule.construct.FlowConstructLifecycleManager - Initialising flow: apache-activemqFlow
2018-01-22 10:22:14,643 [main] INFO  org.mule.exception.DefaultMessagingExceptionStrategy - Initialising exception listener: org.mule.exception.DefaultMessagingExceptionStrategy@29f38091
2018-01-22 10:22:14,671 [main] INFO  org.mule.processor.SedaStageLifecycleManager - Initialising service: apache-activemqFlow.stage1
2018-01-22 10:22:14,680 [main] INFO  org.mule.construct.FlowConstructLifecycleManager - Initialising flow: apache-activemqFlow1
2018-01-22 10:22:14,680 [main] INFO  org.mule.exception.DefaultMessagingExceptionStrategy - Initialising exception listener: org.mule.exception.DefaultMessagingExceptionStrategy@f25f48a
2018-01-22 10:22:14,684 [main] INFO  org.mule.processor.SedaStageLifecycleManager - Initialising service: apache-activemqFlow1.stage1
2018-01-22 10:22:15,049 [main] INFO  org.mule.config.spring.SpringXmlConfigurationBuilder - Configured Mule using "org.mule.config.spring.SpringXmlConfigurationBuilder" with configuration resource(s): "[ConfigResource{resourceName='C:\Users\EAI\AnypointStudio\workspace\mule_soft\.mule\apps\apache-activemq\apache-activemq.xml'}]"
2018-01-22 10:22:15,049 [main] INFO  org.mule.config.builders.AutoConfigurationBuilder - Configured Mule using "org.mule.config.builders.AutoConfigurationBuilder" with configuration resource(s): "[ConfigResource{resourceName='C:\Users\EAI\AnypointStudio\workspace\mule_soft\.mule\apps\apache-activemq\apache-activemq.xml'}]"
2018-01-22 10:22:18,075 [main] INFO  org.mule.module.launcher.application.DefaultMuleApplication - 
++++++++++++++++++++++++++++++++++++++++++++++++++++++++++++
+ Starting app 'apache-activemq'                           +
++++++++++++++++++++++++++++++++++++++++++++++++++++++++++++
2018-01-22 10:22:18,077 [main] INFO  org.mule.util.queue.QueueXaResourceManager - Starting ResourceManager
2018-01-22 10:22:18,077 [main] INFO  org.mule.util.queue.QueueXaResourceManager - Started ResourceManager
2018-01-22 10:22:18,124 [main] INFO  org.mule.module.http.internal.listener.DefaultHttpListenerConfig - Listening for requests on http://0.0.0.0:8081
2018-01-22 10:22:18,424 [main] INFO  org.mule.transport.jms.activemq.ActiveMQJmsConnector - Connected: ActiveMQJmsConnector
{
  name=Active_MQ
  lifecycle=initialise
  this=5b47731f
  numberOfConcurrentTransactedReceivers=4
  createMultipleTransactedReceivers=true
  connected=true
  supportedProtocols=[jms]
  serviceOverrides=<none>
}

2018-01-22 10:22:18,424 [main] INFO  org.mule.transport.jms.activemq.ActiveMQJmsConnector - Starting: ActiveMQJmsConnector
{
  name=Active_MQ
  lifecycle=initialise
  this=5b47731f
  numberOfConcurrentTransactedReceivers=4
  createMultipleTransactedReceivers=true
  connected=true
  supportedProtocols=[jms]
  serviceOverrides=<none>
}

2018-01-22 10:22:18,424 [main] INFO  org.mule.lifecycle.AbstractLifecycleManager - Starting connector: Active_MQ
2018-01-22 10:22:18,440 [main] INFO  org.mule.transport.jms.activemq.ActiveMQJmsConnector - Connected: ActiveMQJmsConnector
{
  name=Active_MQ1
  lifecycle=initialise
  this=1b9d9a2b
  numberOfConcurrentTransactedReceivers=4
  createMultipleTransactedReceivers=true
  connected=true
  supportedProtocols=[jms]
  serviceOverrides=<none>
}

2018-01-22 10:22:18,440 [main] INFO  org.mule.transport.jms.activemq.ActiveMQJmsConnector - Starting: ActiveMQJmsConnector
{
  name=Active_MQ1
  lifecycle=initialise
  this=1b9d9a2b
  numberOfConcurrentTransactedReceivers=4
  createMultipleTransactedReceivers=true
  connected=true
  supportedProtocols=[jms]
  serviceOverrides=<none>
}

2018-01-22 10:22:18,440 [main] INFO  org.mule.lifecycle.AbstractLifecycleManager - Starting connector: Active_MQ1
2018-01-22 10:22:18,440 [main] INFO  org.mule.transport.file.FileConnector - Connected: FileConnector
{
  name=connector.file.mule.default
  lifecycle=initialise
  this=76e3b45b
  numberOfConcurrentTransactedReceivers=4
  createMultipleTransactedReceivers=true
  connected=true
  supportedProtocols=[file]
  serviceOverrides=<none>
}

2018-01-22 10:22:18,440 [main] INFO  org.mule.transport.file.FileConnector - Starting: FileConnector
{
  name=connector.file.mule.default
  lifecycle=initialise
  this=76e3b45b
  numberOfConcurrentTransactedReceivers=4
  createMultipleTransactedReceivers=true
  connected=true
  supportedProtocols=[file]
  serviceOverrides=<none>
}

2018-01-22 10:22:18,440 [main] INFO  org.mule.lifecycle.AbstractLifecycleManager - Starting connector: connector.file.mule.default
2018-01-22 10:22:18,440 [main] INFO  org.mule.modules.oauth2.provider.agents.DefaultSplashScreenAgent - 
++++++++++++++++++++++++++++++++++++++++++++++++++++++++++++++++++++++++++++++++
+ DevKit Extensions (0) used in this application 
                             +
++++++++++++++++++++++++++++++++++++++++++++++++++++++++++++++++++++++++++++++++
2018-01-22 10:22:18,440 [main] INFO  org.mule.lifecycle.AbstractLifecycleManager - Starting model: _muleSystemModel
2018-01-22 10:22:18,440 [main] INFO  org.mule.construct.FlowConstructLifecycleManager - Starting flow: apache-activemqFlow
2018-01-22 10:22:18,440 [main] INFO  org.mule.processor.SedaStageLifecycleManager - Starting service: apache-activemqFlow.stage1
2018-01-22 10:22:18,456 [main] INFO  org.mule.construct.FlowConstructLifecycleManager - Starting flow: apache-activemqFlow1
2018-01-22 10:22:18,456 [main] INFO  org.mule.processor.SedaStageLifecycleManager - Starting service: apache-activemqFlow1.stage1
2018-01-22 10:22:18,486 [main] INFO  org.mule.transport.jms.activemq.ActiveMQJmsConnector - Registering listener: apache-activemqFlow1 on endpointUri: jms://TestQueue
2018-01-22 10:22:18,534 [main] INFO  org.mule.transport.service.DefaultTransportServiceDescriptor - Loading default inbound transformer: org.mule.transport.jms.transformers.JMSMessageToObject
2018-01-22 10:22:18,535 [main] INFO  org.mule.transport.service.DefaultTransportServiceDescriptor - Loading default response transformer: org.mule.transport.jms.transformers.ObjectToJMSMessage
2018-01-22 10:22:18,538 [main] INFO  org.mule.lifecycle.AbstractLifecycleManager - Initialising: 'null'. Object is: MultiConsumerJmsMessageReceiver
2018-01-22 10:22:18,539 [main] INFO  org.mule.transport.jms.MultiConsumerJmsMessageReceiver - Connecting clusterizable message receiver
2018-01-22 10:22:18,600 [main] INFO  org.mule.transport.jms.MultiConsumerJmsMessageReceiver - Endpoint jms://TestQueue has been successfully reconnected.
2018-01-22 10:22:18,600 [main] INFO  org.mule.lifecycle.AbstractLifecycleManager - Starting: 'null'. Object is: MultiConsumerJmsMessageReceiver
2018-01-22 10:22:18,600 [main] INFO  org.mule.transport.jms.MultiConsumerJmsMessageReceiver - Starting clusterizable message receiver
2018-01-22 10:22:18,610 [main] INFO  org.mule.module.management.agent.WrapperManagerAgent - This JVM hasn't been launched by the wrapper, the agent will not run.
2018-01-22 10:22:18,628 [main] INFO  org.mule.module.management.agent.AbstractJmxAgent - Attempting to register service with name: Mule.apache-activemq:type=Endpoint,service="apache-activemqFlow1",connector=Active_MQ,name="endpoint.jms.TestQueue"
2018-01-22 10:22:18,629 [main] INFO  org.mule.module.management.agent.AbstractJmxAgent - Registered Endpoint Service with name: Mule.apache-activemq:type=Endpoint,service="apache-activemqFlow1",connector=Active_MQ,name="endpoint.jms.TestQueue"
2018-01-22 10:22:18,630 [main] INFO  org.mule.module.management.agent.AbstractJmxAgent - Registered Connector Service with name Mule.apache-activemq:type=Connector,name="connector.file.mule.default"
2018-01-22 10:22:18,630 [main] INFO  org.mule.module.management.agent.AbstractJmxAgent - Registered Connector Service with name Mule.apache-activemq:type=Connector,name="Active_MQ1"
2018-01-22 10:22:18,630 [main] INFO  org.mule.module.management.agent.AbstractJmxAgent - Registered Connector Service with name Mule.apache-activemq:type=Connector,name="Active_MQ"
2018-01-22 10:22:18,635 [main] INFO  org.mule.DefaultMuleContext - 
**********************************************************************
* Application: apache-activemq                                       *
* OS encoding: \, Mule encoding: UTF-8                               *
*                                                                    *
* Agents Running:                                                    *
*   Batch module default engine                                      *
*   JMX Agent                                                        *
*   DevKit Extension Information                                     *
*   Wrapper Manager                                                  *
**********************************************************************
2018-01-22 10:22:18,678 [[apache-activemq].connector.file.mule.default.dispatcher.01] INFO  org.mule.lifecycle.AbstractLifecycleManager - Initialising: 'connector.file.mule.default.dispatcher.1886791852'. Object is: FileMessageDispatcher
2018-01-22 10:22:18,702 [[apache-activemq].connector.file.mule.default.dispatcher.01] INFO  org.mule.lifecycle.AbstractLifecycleManager - Starting: 'connector.file.mule.default.dispatcher.1886791852'. Object is: FileMessageDispatcher
2018-01-22 10:22:18,710 [[apache-activemq].connector.file.mule.default.dispatcher.01] INFO  org.mule.transport.file.FileConnector - Writing file to: C:\Users\EAI\AnypointStudio\workspace\mule_soft\apache-activemq\src\main\resources\0648d900-ff30-11e7-8e08-7c5cf8670f6c.dat
2018-01-22 15:45:02,757 [main] INFO  org.mule.module.launcher.application.DefaultMuleApplication - 
++++++++++++++++++++++++++++++++++++++++++++++++++++++++++++
+ Initializing app 'apache-activemq'                       +
++++++++++++++++++++++++++++++++++++++++++++++++++++++++++++
2018-01-22 15:45:02,945 [main] INFO  org.mule.lifecycle.AbstractLifecycleManager - Initialising RegistryBroker
2018-01-22 15:45:03,023 [main] INFO  org.mule.module.extension.internal.manager.DefaultExtensionManager - Starting discovery of extensions
2018-01-22 15:45:03,101 [main] INFO  org.mule.module.extension.internal.manager.DefaultExtensionManager - Discovered 1 extensions
2018-01-22 15:45:03,101 [main] INFO  org.mule.module.extension.internal.manager.DefaultExtensionManager - Registering extension validation (version 3.8)
2018-01-22 15:45:03,132 [main] INFO  org.mule.config.spring.MuleArtifactContext - Refreshing org.mule.config.spring.MuleArtifactContext@1ac85b0c: startup date [Mon Jan 22 15:45:03 IST 2018]; root of context hierarchy
2018-01-22 15:45:04,202 [main] INFO  org.mule.config.spring.processors.NoDevkitInjectorProcessor - JSR-330 'javax.inject.Inject' annotation found and supported for autowiring
2018-01-22 15:45:04,839 [main] WARN  org.mule.module.ognl.expression.OgnlExpressionEvaluator - OGNL module is deprecated and will be removed in Mule 4.0. Use MEL expressions instead.
2018-01-22 15:45:05,368 [main] INFO  org.mule.util.journal.TransactionJournal - Using files for tx logs C:\Users\EAI\AnypointStudio\workspace\mule_soft\.mule\.\.mule\apache-activemq\queue-tx-log\tx1.log and C:\Users\EAI\AnypointStudio\workspace\mule_soft\.mule\.\.mule\apache-activemq\queue-tx-log\tx2.log
2018-01-22 15:45:05,385 [main] INFO  org.mule.util.journal.TransactionJournal - Using files for tx logs C:\Users\EAI\AnypointStudio\workspace\mule_soft\.mule\.\.mule\apache-activemq\queue-xa-tx-log\tx1.log and C:\Users\EAI\AnypointStudio\workspace\mule_soft\.mule\.\.mule\apache-activemq\queue-xa-tx-log\tx2.log
2018-01-22 15:45:05,385 [main] INFO  org.mule.lifecycle.AbstractLifecycleManager - Initialising connector: Active_MQ
2018-01-22 15:45:05,432 [main] INFO  org.mule.lifecycle.AbstractLifecycleManager - Initialising connector: Active_MQ1
2018-01-22 15:45:05,432 [main] INFO  org.mule.lifecycle.AbstractLifecycleManager - Initialising connector: connector.file.mule.default
2018-01-22 15:45:05,510 [main] INFO  org.mule.lifecycle.AbstractLifecycleManager - Initialising model: _muleSystemModel
2018-01-22 15:45:05,510 [main] INFO  org.mule.construct.FlowConstructLifecycleManager - Initialising flow: apache-activemqFlow
2018-01-22 15:45:05,510 [main] INFO  org.mule.exception.DefaultMessagingExceptionStrategy - Initialising exception listener: org.mule.exception.DefaultMessagingExceptionStrategy@48a2db72
2018-01-22 15:45:05,541 [main] INFO  org.mule.processor.SedaStageLifecycleManager - Initialising service: apache-activemqFlow.stage1
2018-01-22 15:45:05,541 [main] INFO  org.mule.construct.FlowConstructLifecycleManager - Initialising flow: apache-activemqFlow1
2018-01-22 15:45:05,541 [main] INFO  org.mule.exception.DefaultMessagingExceptionStrategy - Initialising exception listener: org.mule.exception.DefaultMessagingExceptionStrategy@1d98daa0
2018-01-22 15:45:05,541 [main] INFO  org.mule.processor.SedaStageLifecycleManager - Initialising service: apache-activemqFlow1.stage1
2018-01-22 15:45:05,760 [main] INFO  org.mule.config.spring.SpringXmlConfigurationBuilder - Configured Mule using "org.mule.config.spring.SpringXmlConfigurationBuilder" with configuration resource(s): "[ConfigResource{resourceName='C:\Users\EAI\AnypointStudio\workspace\mule_soft\.mule\apps\apache-activemq\apache-activemq.xml'}]"
2018-01-22 15:45:05,760 [main] INFO  org.mule.config.builders.AutoConfigurationBuilder - Configured Mule using "org.mule.config.builders.AutoConfigurationBuilder" with configuration resource(s): "[ConfigResource{resourceName='C:\Users\EAI\AnypointStudio\workspace\mule_soft\.mule\apps\apache-activemq\apache-activemq.xml'}]"
2018-01-22 15:45:08,803 [main] INFO  org.mule.module.launcher.application.DefaultMuleApplication - 
++++++++++++++++++++++++++++++++++++++++++++++++++++++++++++
+ Starting app 'apache-activemq'                           +
++++++++++++++++++++++++++++++++++++++++++++++++++++++++++++
2018-01-22 15:45:08,808 [main] INFO  org.mule.util.queue.QueueXaResourceManager - Starting ResourceManager
2018-01-22 15:45:08,808 [main] INFO  org.mule.util.queue.QueueXaResourceManager - Started ResourceManager
2018-01-22 15:45:08,855 [main] INFO  org.mule.module.http.internal.listener.DefaultHttpListenerConfig - Listening for requests on http://0.0.0.0:8081
2018-01-22 15:45:09,175 [main] INFO  org.mule.transport.jms.activemq.ActiveMQJmsConnector - Connected: ActiveMQJmsConnector
{
  name=Active_MQ
  lifecycle=initialise
  this=796f632b
  numberOfConcurrentTransactedReceivers=4
  createMultipleTransactedReceivers=true
  connected=true
  supportedProtocols=[jms]
  serviceOverrides=<none>
}

2018-01-22 15:45:09,175 [main] INFO  org.mule.transport.jms.activemq.ActiveMQJmsConnector - Starting: ActiveMQJmsConnector
{
  name=Active_MQ
  lifecycle=initialise
  this=796f632b
  numberOfConcurrentTransactedReceivers=4
  createMultipleTransactedReceivers=true
  connected=true
  supportedProtocols=[jms]
  serviceOverrides=<none>
}

2018-01-22 15:45:09,175 [main] INFO  org.mule.lifecycle.AbstractLifecycleManager - Starting connector: Active_MQ
2018-01-22 15:45:09,175 [main] INFO  org.mule.transport.jms.activemq.ActiveMQJmsConnector - Connected: ActiveMQJmsConnector
{
  name=Active_MQ1
  lifecycle=initialise
  this=36f7d7b
  numberOfConcurrentTransactedReceivers=4
  createMultipleTransactedReceivers=true
  connected=true
  supportedProtocols=[jms]
  serviceOverrides=<none>
}

2018-01-22 15:45:09,175 [main] INFO  org.mule.transport.jms.activemq.ActiveMQJmsConnector - Starting: ActiveMQJmsConnector
{
  name=Active_MQ1
  lifecycle=initialise
  this=36f7d7b
  numberOfConcurrentTransactedReceivers=4
  createMultipleTransactedReceivers=true
  connected=true
  supportedProtocols=[jms]
  serviceOverrides=<none>
}

2018-01-22 15:45:09,175 [main] INFO  org.mule.lifecycle.AbstractLifecycleManager - Starting connector: Active_MQ1
2018-01-22 15:45:09,175 [main] INFO  org.mule.transport.file.FileConnector - Connected: FileConnector
{
  name=connector.file.mule.default
  lifecycle=initialise
  this=5792c08c
  numberOfConcurrentTransactedReceivers=4
  createMultipleTransactedReceivers=true
  connected=true
  supportedProtocols=[file]
  serviceOverrides=<none>
}

2018-01-22 15:45:09,175 [main] INFO  org.mule.transport.file.FileConnector - Starting: FileConnector
{
  name=connector.file.mule.default
  lifecycle=initialise
  this=5792c08c
  numberOfConcurrentTransactedReceivers=4
  createMultipleTransactedReceivers=true
  connected=true
  supportedProtocols=[file]
  serviceOverrides=<none>
}

2018-01-22 15:45:09,175 [main] INFO  org.mule.lifecycle.AbstractLifecycleManager - Starting connector: connector.file.mule.default
2018-01-22 15:45:09,191 [main] INFO  org.mule.modules.oauth2.provider.agents.DefaultSplashScreenAgent - 
++++++++++++++++++++++++++++++++++++++++++++++++++++++++++++++++++++++++++++++++
+ DevKit Extensions (0) used in this application 
                             +
++++++++++++++++++++++++++++++++++++++++++++++++++++++++++++++++++++++++++++++++
2018-01-22 15:45:09,191 [main] INFO  org.mule.lifecycle.AbstractLifecycleManager - Starting model: _muleSystemModel
2018-01-22 15:45:09,191 [main] INFO  org.mule.construct.FlowConstructLifecycleManager - Starting flow: apache-activemqFlow
2018-01-22 15:45:09,191 [main] INFO  org.mule.processor.SedaStageLifecycleManager - Starting service: apache-activemqFlow.stage1
2018-01-22 15:45:09,191 [main] INFO  org.mule.construct.FlowConstructLifecycleManager - Starting flow: apache-activemqFlow1
2018-01-22 15:45:09,191 [main] INFO  org.mule.processor.SedaStageLifecycleManager - Starting service: apache-activemqFlow1.stage1
2018-01-22 15:45:09,222 [main] INFO  org.mule.transport.jms.activemq.ActiveMQJmsConnector - Registering listener: apache-activemqFlow1 on endpointUri: jms://TestQueue
2018-01-22 15:45:09,222 [main] INFO  org.mule.transport.service.DefaultTransportServiceDescriptor - Loading default inbound transformer: org.mule.transport.jms.transformers.JMSMessageToObject
2018-01-22 15:45:09,222 [main] INFO  org.mule.transport.service.DefaultTransportServiceDescriptor - Loading default response transformer: org.mule.transport.jms.transformers.ObjectToJMSMessage
2018-01-22 15:45:09,222 [main] INFO  org.mule.lifecycle.AbstractLifecycleManager - Initialising: 'null'. Object is: MultiConsumerJmsMessageReceiver
2018-01-22 15:45:09,222 [main] INFO  org.mule.transport.jms.MultiConsumerJmsMessageReceiver - Connecting clusterizable message receiver
2018-01-22 15:45:09,285 [main] INFO  org.mule.transport.jms.MultiConsumerJmsMessageReceiver - Endpoint jms://TestQueue has been successfully reconnected.
2018-01-22 15:45:09,285 [main] INFO  org.mule.lifecycle.AbstractLifecycleManager - Starting: 'null'. Object is: MultiConsumerJmsMessageReceiver
2018-01-22 15:45:09,285 [main] INFO  org.mule.transport.jms.MultiConsumerJmsMessageReceiver - Starting clusterizable message receiver
2018-01-22 15:45:09,285 [main] INFO  org.mule.module.management.agent.WrapperManagerAgent - This JVM hasn't been launched by the wrapper, the agent will not run.
2018-01-22 15:45:09,300 [main] INFO  org.mule.module.management.agent.AbstractJmxAgent - Attempting to register service with name: Mule.apache-activemq:type=Endpoint,service="apache-activemqFlow1",connector=Active_MQ,name="endpoint.jms.TestQueue"
2018-01-22 15:45:09,300 [main] INFO  org.mule.module.management.agent.AbstractJmxAgent - Registered Endpoint Service with name: Mule.apache-activemq:type=Endpoint,service="apache-activemqFlow1",connector=Active_MQ,name="endpoint.jms.TestQueue"
2018-01-22 15:45:09,300 [main] INFO  org.mule.module.management.agent.AbstractJmxAgent - Registered Connector Service with name Mule.apache-activemq:type=Connector,name="connector.file.mule.default"
2018-01-22 15:45:09,300 [main] INFO  org.mule.module.management.agent.AbstractJmxAgent - Registered Connector Service with name Mule.apache-activemq:type=Connector,name="Active_MQ1"
2018-01-22 15:45:09,300 [main] INFO  org.mule.module.management.agent.AbstractJmxAgent - Registered Connector Service with name Mule.apache-activemq:type=Connector,name="Active_MQ"
2018-01-22 15:45:09,300 [main] INFO  org.mule.DefaultMuleContext - 
**********************************************************************
* Application: apache-activemq                                       *
* OS encoding: \, Mule encoding: UTF-8                               *
*                                                                    *
* Agents Running:                                                    *
*   Batch module default engine                                      *
*   JMX Agent                                                        *
*   DevKit Extension Information                                     *
*   Wrapper Manager                                                  *
**********************************************************************
2018-01-22 15:47:53,155 [[apache-activemq].HTTP_Listener_Configuration.worker.01] INFO  org.mule.transport.service.DefaultTransportServiceDescriptor - Loading default outbound transformer: org.mule.transport.jms.transformers.ObjectToJMSMessage
2018-01-22 15:47:53,155 [[apache-activemq].HTTP_Listener_Configuration.worker.01] INFO  org.mule.transport.service.DefaultTransportServiceDescriptor - Loading default response transformer: org.mule.transport.jms.transformers.ObjectToJMSMessage
2018-01-22 15:47:53,155 [[apache-activemq].HTTP_Listener_Configuration.worker.01] WARN  com.mulesoft.mule.transport.jms.EeJmsMessageDispatcher - Starting patched JmsMessageReceiver
2018-01-22 15:47:53,156 [[apache-activemq].HTTP_Listener_Configuration.worker.01] INFO  org.mule.lifecycle.AbstractLifecycleManager - Initialising: 'Active_MQ.dispatcher.1684157759'. Object is: EeJmsMessageDispatcher
2018-01-22 15:47:53,156 [[apache-activemq].HTTP_Listener_Configuration.worker.01] INFO  org.mule.lifecycle.AbstractLifecycleManager - Starting: 'Active_MQ.dispatcher.1684157759'. Object is: EeJmsMessageDispatcher
2018-01-22 15:51:53,951 [main] INFO  org.mule.module.launcher.application.DefaultMuleApplication - 
++++++++++++++++++++++++++++++++++++++++++++++++++++++++++++
+ Initializing app 'apache-activemq'                       +
++++++++++++++++++++++++++++++++++++++++++++++++++++++++++++
2018-01-22 15:51:54,092 [main] INFO  org.mule.lifecycle.AbstractLifecycleManager - Initialising RegistryBroker
2018-01-22 15:51:54,162 [main] INFO  org.mule.module.extension.internal.manager.DefaultExtensionManager - Starting discovery of extensions
2018-01-22 15:51:54,241 [main] INFO  org.mule.module.extension.internal.manager.DefaultExtensionManager - Discovered 1 extensions
2018-01-22 15:51:54,241 [main] INFO  org.mule.module.extension.internal.manager.DefaultExtensionManager - Registering extension validation (version 3.8)
2018-01-22 15:51:54,287 [main] INFO  org.mule.config.spring.MuleArtifactContext - Refreshing org.mule.config.spring.MuleArtifactContext@1ac85b0c: startup date [Mon Jan 22 15:51:54 IST 2018]; root of context hierarchy
2018-01-22 15:51:55,381 [main] INFO  org.mule.config.spring.processors.NoDevkitInjectorProcessor - JSR-330 'javax.inject.Inject' annotation found and supported for autowiring
2018-01-22 15:51:56,022 [main] WARN  org.mule.module.ognl.expression.OgnlExpressionEvaluator - OGNL module is deprecated and will be removed in Mule 4.0. Use MEL expressions instead.
2018-01-22 15:51:56,605 [main] INFO  org.mule.util.journal.TransactionJournal - Using files for tx logs C:\Users\EAI\AnypointStudio\workspace\mule_soft\.mule\.\.mule\apache-activemq\queue-tx-log\tx1.log and C:\Users\EAI\AnypointStudio\workspace\mule_soft\.mule\.\.mule\apache-activemq\queue-tx-log\tx2.log
2018-01-22 15:51:56,616 [main] INFO  org.mule.util.journal.TransactionJournal - Using files for tx logs C:\Users\EAI\AnypointStudio\workspace\mule_soft\.mule\.\.mule\apache-activemq\queue-xa-tx-log\tx1.log and C:\Users\EAI\AnypointStudio\workspace\mule_soft\.mule\.\.mule\apache-activemq\queue-xa-tx-log\tx2.log
2018-01-22 15:51:56,616 [main] INFO  org.mule.lifecycle.AbstractLifecycleManager - Initialising connector: Active_MQ
2018-01-22 15:51:56,663 [main] INFO  org.mule.lifecycle.AbstractLifecycleManager - Initialising connector: Active_MQ1
2018-01-22 15:51:56,663 [main] INFO  org.mule.lifecycle.AbstractLifecycleManager - Initialising connector: connector.file.mule.default
2018-01-22 15:51:56,741 [main] INFO  org.mule.lifecycle.AbstractLifecycleManager - Initialising model: _muleSystemModel
2018-01-22 15:51:56,741 [main] INFO  org.mule.construct.FlowConstructLifecycleManager - Initialising flow: apache-activemqFlow
2018-01-22 15:51:56,741 [main] INFO  org.mule.exception.DefaultMessagingExceptionStrategy - Initialising exception listener: org.mule.exception.DefaultMessagingExceptionStrategy@48a2db72
2018-01-22 15:51:56,772 [main] INFO  org.mule.processor.SedaStageLifecycleManager - Initialising service: apache-activemqFlow.stage1
2018-01-22 15:51:56,772 [main] INFO  org.mule.construct.FlowConstructLifecycleManager - Initialising flow: apache-activemqFlow1
2018-01-22 15:51:56,772 [main] INFO  org.mule.exception.DefaultMessagingExceptionStrategy - Initialising exception listener: org.mule.exception.DefaultMessagingExceptionStrategy@1d98daa0
2018-01-22 15:51:56,788 [main] INFO  org.mule.processor.SedaStageLifecycleManager - Initialising service: apache-activemqFlow1.stage1
2018-01-22 15:51:57,147 [main] INFO  org.mule.config.spring.SpringXmlConfigurationBuilder - Configured Mule using "org.mule.config.spring.SpringXmlConfigurationBuilder" with configuration resource(s): "[ConfigResource{resourceName='C:\Users\EAI\AnypointStudio\workspace\mule_soft\.mule\apps\apache-activemq\apache-activemq.xml'}]"
2018-01-22 15:51:57,147 [main] INFO  org.mule.config.builders.AutoConfigurationBuilder - Configured Mule using "org.mule.config.builders.AutoConfigurationBuilder" with configuration resource(s): "[ConfigResource{resourceName='C:\Users\EAI\AnypointStudio\workspace\mule_soft\.mule\apps\apache-activemq\apache-activemq.xml'}]"
2018-01-22 15:52:00,197 [main] INFO  org.mule.module.launcher.application.DefaultMuleApplication - 
++++++++++++++++++++++++++++++++++++++++++++++++++++++++++++
+ Starting app 'apache-activemq'                           +
++++++++++++++++++++++++++++++++++++++++++++++++++++++++++++
2018-01-22 15:52:00,199 [main] INFO  org.mule.util.queue.QueueXaResourceManager - Starting ResourceManager
2018-01-22 15:52:00,199 [main] INFO  org.mule.util.queue.QueueXaResourceManager - Started ResourceManager
2018-01-22 15:52:00,277 [main] INFO  org.mule.module.http.internal.listener.DefaultHttpListenerConfig - Listening for requests on http://0.0.0.0:8081
2018-01-22 15:52:00,574 [main] INFO  org.mule.transport.jms.activemq.ActiveMQJmsConnector - Connected: ActiveMQJmsConnector
{
  name=Active_MQ
  lifecycle=initialise
  this=796f632b
  numberOfConcurrentTransactedReceivers=4
  createMultipleTransactedReceivers=true
  connected=true
  supportedProtocols=[jms]
  serviceOverrides=<none>
}

2018-01-22 15:52:00,574 [main] INFO  org.mule.transport.jms.activemq.ActiveMQJmsConnector - Starting: ActiveMQJmsConnector
{
  name=Active_MQ
  lifecycle=initialise
  this=796f632b
  numberOfConcurrentTransactedReceivers=4
  createMultipleTransactedReceivers=true
  connected=true
  supportedProtocols=[jms]
  serviceOverrides=<none>
}

2018-01-22 15:52:00,574 [main] INFO  org.mule.lifecycle.AbstractLifecycleManager - Starting connector: Active_MQ
2018-01-22 15:52:00,590 [main] INFO  org.mule.transport.jms.activemq.ActiveMQJmsConnector - Connected: ActiveMQJmsConnector
{
  name=Active_MQ1
  lifecycle=initialise
  this=36f7d7b
  numberOfConcurrentTransactedReceivers=4
  createMultipleTransactedReceivers=true
  connected=true
  supportedProtocols=[jms]
  serviceOverrides=<none>
}

2018-01-22 15:52:00,590 [main] INFO  org.mule.transport.jms.activemq.ActiveMQJmsConnector - Starting: ActiveMQJmsConnector
{
  name=Active_MQ1
  lifecycle=initialise
  this=36f7d7b
  numberOfConcurrentTransactedReceivers=4
  createMultipleTransactedReceivers=true
  connected=true
  supportedProtocols=[jms]
  serviceOverrides=<none>
}

2018-01-22 15:52:00,590 [main] INFO  org.mule.lifecycle.AbstractLifecycleManager - Starting connector: Active_MQ1
2018-01-22 15:52:00,590 [main] INFO  org.mule.transport.file.FileConnector - Connected: FileConnector
{
  name=connector.file.mule.default
  lifecycle=initialise
  this=5792c08c
  numberOfConcurrentTransactedReceivers=4
  createMultipleTransactedReceivers=true
  connected=true
  supportedProtocols=[file]
  serviceOverrides=<none>
}

2018-01-22 15:52:00,590 [main] INFO  org.mule.transport.file.FileConnector - Starting: FileConnector
{
  name=connector.file.mule.default
  lifecycle=initialise
  this=5792c08c
  numberOfConcurrentTransactedReceivers=4
  createMultipleTransactedReceivers=true
  connected=true
  supportedProtocols=[file]
  serviceOverrides=<none>
}

2018-01-22 15:52:00,590 [main] INFO  org.mule.lifecycle.AbstractLifecycleManager - Starting connector: connector.file.mule.default
2018-01-22 15:52:00,590 [main] INFO  org.mule.modules.oauth2.provider.agents.DefaultSplashScreenAgent - 
++++++++++++++++++++++++++++++++++++++++++++++++++++++++++++++++++++++++++++++++
+ DevKit Extensions (0) used in this application 
                             +
++++++++++++++++++++++++++++++++++++++++++++++++++++++++++++++++++++++++++++++++
2018-01-22 15:52:00,590 [main] INFO  org.mule.lifecycle.AbstractLifecycleManager - Starting model: _muleSystemModel
2018-01-22 15:52:00,606 [main] INFO  org.mule.construct.FlowConstructLifecycleManager - Starting flow: apache-activemqFlow
2018-01-22 15:52:00,606 [main] INFO  org.mule.processor.SedaStageLifecycleManager - Starting service: apache-activemqFlow.stage1
2018-01-22 15:52:00,606 [main] INFO  org.mule.construct.FlowConstructLifecycleManager - Starting flow: apache-activemqFlow1
2018-01-22 15:52:00,606 [main] INFO  org.mule.processor.SedaStageLifecycleManager - Starting service: apache-activemqFlow1.stage1
2018-01-22 15:52:00,637 [main] INFO  org.mule.transport.jms.activemq.ActiveMQJmsConnector - Registering listener: apache-activemqFlow1 on endpointUri: jms://TestQueue
2018-01-22 15:52:00,637 [main] INFO  org.mule.transport.service.DefaultTransportServiceDescriptor - Loading default inbound transformer: org.mule.transport.jms.transformers.JMSMessageToObject
2018-01-22 15:52:00,637 [main] INFO  org.mule.transport.service.DefaultTransportServiceDescriptor - Loading default response transformer: org.mule.transport.jms.transformers.ObjectToJMSMessage
2018-01-22 15:52:00,637 [main] INFO  org.mule.lifecycle.AbstractLifecycleManager - Initialising: 'null'. Object is: MultiConsumerJmsMessageReceiver
2018-01-22 15:52:00,652 [main] INFO  org.mule.transport.jms.MultiConsumerJmsMessageReceiver - Connecting clusterizable message receiver
2018-01-22 15:52:00,699 [main] INFO  org.mule.transport.jms.MultiConsumerJmsMessageReceiver - Endpoint jms://TestQueue has been successfully reconnected.
2018-01-22 15:52:00,699 [main] INFO  org.mule.lifecycle.AbstractLifecycleManager - Starting: 'null'. Object is: MultiConsumerJmsMessageReceiver
2018-01-22 15:52:00,699 [main] INFO  org.mule.transport.jms.MultiConsumerJmsMessageReceiver - Starting clusterizable message receiver
2018-01-22 15:52:00,699 [main] INFO  org.mule.module.management.agent.WrapperManagerAgent - This JVM hasn't been launched by the wrapper, the agent will not run.
2018-01-22 15:52:00,715 [main] INFO  org.mule.module.management.agent.AbstractJmxAgent - Attempting to register service with name: Mule.apache-activemq:type=Endpoint,service="apache-activemqFlow1",connector=Active_MQ,name="endpoint.jms.TestQueue"
2018-01-22 15:52:00,715 [main] INFO  org.mule.module.management.agent.AbstractJmxAgent - Registered Endpoint Service with name: Mule.apache-activemq:type=Endpoint,service="apache-activemqFlow1",connector=Active_MQ,name="endpoint.jms.TestQueue"
2018-01-22 15:52:00,715 [main] INFO  org.mule.module.management.agent.AbstractJmxAgent - Registered Connector Service with name Mule.apache-activemq:type=Connector,name="connector.file.mule.default"
2018-01-22 15:52:00,715 [main] INFO  org.mule.module.management.agent.AbstractJmxAgent - Registered Connector Service with name Mule.apache-activemq:type=Connector,name="Active_MQ1"
2018-01-22 15:52:00,715 [main] INFO  org.mule.module.management.agent.AbstractJmxAgent - Registered Connector Service with name Mule.apache-activemq:type=Connector,name="Active_MQ"
2018-01-22 15:52:00,715 [main] INFO  org.mule.DefaultMuleContext - 
**********************************************************************
* Application: apache-activemq                                       *
* OS encoding: \, Mule encoding: UTF-8                               *
*                                                                    *
* Agents Running:                                                    *
*   Batch module default engine                                      *
*   JMX Agent                                                        *
*   DevKit Extension Information                                     *
*   Wrapper Manager                                                  *
**********************************************************************
2018-01-22 15:57:59,997 [[apache-activemq].HTTP_Listener_Configuration.worker.01] INFO  org.mule.transport.service.DefaultTransportServiceDescriptor - Loading default outbound transformer: org.mule.transport.jms.transformers.ObjectToJMSMessage
2018-01-22 15:57:59,997 [[apache-activemq].HTTP_Listener_Configuration.worker.01] INFO  org.mule.transport.service.DefaultTransportServiceDescriptor - Loading default response transformer: org.mule.transport.jms.transformers.ObjectToJMSMessage
2018-01-22 15:57:59,997 [[apache-activemq].HTTP_Listener_Configuration.worker.01] WARN  com.mulesoft.mule.transport.jms.EeJmsMessageDispatcher - Starting patched JmsMessageReceiver
2018-01-22 15:57:59,998 [[apache-activemq].HTTP_Listener_Configuration.worker.01] INFO  org.mule.lifecycle.AbstractLifecycleManager - Initialising: 'Active_MQ.dispatcher.1181338798'. Object is: EeJmsMessageDispatcher
2018-01-22 15:57:59,998 [[apache-activemq].HTTP_Listener_Configuration.worker.01] INFO  org.mule.lifecycle.AbstractLifecycleManager - Starting: 'Active_MQ.dispatcher.1181338798'. Object is: EeJmsMessageDispatcher
2018-01-22 16:00:28,147 [main] INFO  org.mule.module.launcher.application.DefaultMuleApplication - 
++++++++++++++++++++++++++++++++++++++++++++++++++++++++++++
+ Initializing app 'apache-activemq'                       +
++++++++++++++++++++++++++++++++++++++++++++++++++++++++++++
2018-01-22 16:00:28,291 [main] INFO  org.mule.lifecycle.AbstractLifecycleManager - Initialising RegistryBroker
2018-01-22 16:00:28,370 [main] INFO  org.mule.module.extension.internal.manager.DefaultExtensionManager - Starting discovery of extensions
2018-01-22 16:00:28,448 [main] INFO  org.mule.module.extension.internal.manager.DefaultExtensionManager - Discovered 1 extensions
2018-01-22 16:00:28,448 [main] INFO  org.mule.module.extension.internal.manager.DefaultExtensionManager - Registering extension validation (version 3.8)
2018-01-22 16:00:28,495 [main] INFO  org.mule.config.spring.MuleArtifactContext - Refreshing org.mule.config.spring.MuleArtifactContext@1ac85b0c: startup date [Mon Jan 22 16:00:28 IST 2018]; root of context hierarchy
2018-01-22 16:00:29,577 [main] INFO  org.mule.config.spring.processors.NoDevkitInjectorProcessor - JSR-330 'javax.inject.Inject' annotation found and supported for autowiring
2018-01-22 16:00:30,165 [main] WARN  org.mule.module.ognl.expression.OgnlExpressionEvaluator - OGNL module is deprecated and will be removed in Mule 4.0. Use MEL expressions instead.
2018-01-22 16:00:30,712 [main] INFO  org.mule.util.journal.TransactionJournal - Using files for tx logs C:\Users\EAI\AnypointStudio\workspace\mule_soft\.mule\.\.mule\apache-activemq\queue-tx-log\tx1.log and C:\Users\EAI\AnypointStudio\workspace\mule_soft\.mule\.\.mule\apache-activemq\queue-tx-log\tx2.log
2018-01-22 16:00:30,717 [main] INFO  org.mule.util.journal.TransactionJournal - Using files for tx logs C:\Users\EAI\AnypointStudio\workspace\mule_soft\.mule\.\.mule\apache-activemq\queue-xa-tx-log\tx1.log and C:\Users\EAI\AnypointStudio\workspace\mule_soft\.mule\.\.mule\apache-activemq\queue-xa-tx-log\tx2.log
2018-01-22 16:00:30,717 [main] INFO  org.mule.lifecycle.AbstractLifecycleManager - Initialising connector: Active_MQ
2018-01-22 16:00:30,764 [main] INFO  org.mule.lifecycle.AbstractLifecycleManager - Initialising connector: Active_MQ1
2018-01-22 16:00:30,764 [main] INFO  org.mule.lifecycle.AbstractLifecycleManager - Initialising connector: connector.file.mule.default
2018-01-22 16:00:30,842 [main] INFO  org.mule.lifecycle.AbstractLifecycleManager - Initialising model: _muleSystemModel
2018-01-22 16:00:30,842 [main] INFO  org.mule.construct.FlowConstructLifecycleManager - Initialising flow: apache-activemqFlow
2018-01-22 16:00:30,842 [main] INFO  org.mule.exception.DefaultMessagingExceptionStrategy - Initialising exception listener: org.mule.exception.DefaultMessagingExceptionStrategy@48a2db72
2018-01-22 16:00:30,858 [main] INFO  org.mule.processor.SedaStageLifecycleManager - Initialising service: apache-activemqFlow.stage1
2018-01-22 16:00:30,873 [main] INFO  org.mule.construct.FlowConstructLifecycleManager - Initialising flow: apache-activemqFlow1
2018-01-22 16:00:30,873 [main] INFO  org.mule.exception.DefaultMessagingExceptionStrategy - Initialising exception listener: org.mule.exception.DefaultMessagingExceptionStrategy@1d98daa0
2018-01-22 16:00:30,873 [main] INFO  org.mule.processor.SedaStageLifecycleManager - Initialising service: apache-activemqFlow1.stage1
2018-01-22 16:00:31,221 [main] INFO  org.mule.config.spring.SpringXmlConfigurationBuilder - Configured Mule using "org.mule.config.spring.SpringXmlConfigurationBuilder" with configuration resource(s): "[ConfigResource{resourceName='C:\Users\EAI\AnypointStudio\workspace\mule_soft\.mule\apps\apache-activemq\apache-activemq.xml'}]"
2018-01-22 16:00:31,221 [main] INFO  org.mule.config.builders.AutoConfigurationBuilder - Configured Mule using "org.mule.config.builders.AutoConfigurationBuilder" with configuration resource(s): "[ConfigResource{resourceName='C:\Users\EAI\AnypointStudio\workspace\mule_soft\.mule\apps\apache-activemq\apache-activemq.xml'}]"
2018-01-22 16:00:34,259 [main] INFO  org.mule.module.launcher.application.DefaultMuleApplication - 
++++++++++++++++++++++++++++++++++++++++++++++++++++++++++++
+ Starting app 'apache-activemq'                           +
++++++++++++++++++++++++++++++++++++++++++++++++++++++++++++
2018-01-22 16:00:34,275 [main] INFO  org.mule.util.queue.QueueXaResourceManager - Starting ResourceManager
2018-01-22 16:00:34,275 [main] INFO  org.mule.util.queue.QueueXaResourceManager - Started ResourceManager
2018-01-22 16:00:34,335 [main] INFO  org.mule.module.http.internal.listener.DefaultHttpListenerConfig - Listening for requests on http://0.0.0.0:8081
2018-01-22 16:00:34,648 [main] INFO  org.mule.transport.jms.activemq.ActiveMQJmsConnector - Connected: ActiveMQJmsConnector
{
  name=Active_MQ
  lifecycle=initialise
  this=cedee22
  numberOfConcurrentTransactedReceivers=4
  createMultipleTransactedReceivers=true
  connected=true
  supportedProtocols=[jms]
  serviceOverrides=<none>
}

2018-01-22 16:00:34,648 [main] INFO  org.mule.transport.jms.activemq.ActiveMQJmsConnector - Starting: ActiveMQJmsConnector
{
  name=Active_MQ
  lifecycle=initialise
  this=cedee22
  numberOfConcurrentTransactedReceivers=4
  createMultipleTransactedReceivers=true
  connected=true
  supportedProtocols=[jms]
  serviceOverrides=<none>
}

2018-01-22 16:00:34,648 [main] INFO  org.mule.lifecycle.AbstractLifecycleManager - Starting connector: Active_MQ
2018-01-22 16:00:34,648 [main] INFO  org.mule.transport.jms.activemq.ActiveMQJmsConnector - Connected: ActiveMQJmsConnector
{
  name=Active_MQ1
  lifecycle=initialise
  this=25a7fedf
  numberOfConcurrentTransactedReceivers=4
  createMultipleTransactedReceivers=true
  connected=true
  supportedProtocols=[jms]
  serviceOverrides=<none>
}

2018-01-22 16:00:34,648 [main] INFO  org.mule.transport.jms.activemq.ActiveMQJmsConnector - Starting: ActiveMQJmsConnector
{
  name=Active_MQ1
  lifecycle=initialise
  this=25a7fedf
  numberOfConcurrentTransactedReceivers=4
  createMultipleTransactedReceivers=true
  connected=true
  supportedProtocols=[jms]
  serviceOverrides=<none>
}

2018-01-22 16:00:34,648 [main] INFO  org.mule.lifecycle.AbstractLifecycleManager - Starting connector: Active_MQ1
2018-01-22 16:00:34,648 [main] INFO  org.mule.transport.file.FileConnector - Connected: FileConnector
{
  name=connector.file.mule.default
  lifecycle=initialise
  this=54c622a7
  numberOfConcurrentTransactedReceivers=4
  createMultipleTransactedReceivers=true
  connected=true
  supportedProtocols=[file]
  serviceOverrides=<none>
}

2018-01-22 16:00:34,648 [main] INFO  org.mule.transport.file.FileConnector - Starting: FileConnector
{
  name=connector.file.mule.default
  lifecycle=initialise
  this=54c622a7
  numberOfConcurrentTransactedReceivers=4
  createMultipleTransactedReceivers=true
  connected=true
  supportedProtocols=[file]
  serviceOverrides=<none>
}

2018-01-22 16:00:34,648 [main] INFO  org.mule.lifecycle.AbstractLifecycleManager - Starting connector: connector.file.mule.default
2018-01-22 16:00:34,663 [main] INFO  org.mule.modules.oauth2.provider.agents.DefaultSplashScreenAgent - 
++++++++++++++++++++++++++++++++++++++++++++++++++++++++++++++++++++++++++++++++
+ DevKit Extensions (0) used in this application 
                             +
++++++++++++++++++++++++++++++++++++++++++++++++++++++++++++++++++++++++++++++++
2018-01-22 16:00:34,663 [main] INFO  org.mule.lifecycle.AbstractLifecycleManager - Starting model: _muleSystemModel
2018-01-22 16:00:34,663 [main] INFO  org.mule.construct.FlowConstructLifecycleManager - Starting flow: apache-activemqFlow
2018-01-22 16:00:34,663 [main] INFO  org.mule.processor.SedaStageLifecycleManager - Starting service: apache-activemqFlow.stage1
2018-01-22 16:00:34,663 [main] INFO  org.mule.construct.FlowConstructLifecycleManager - Starting flow: apache-activemqFlow1
2018-01-22 16:00:34,663 [main] INFO  org.mule.processor.SedaStageLifecycleManager - Starting service: apache-activemqFlow1.stage1
2018-01-22 16:00:34,695 [main] INFO  org.mule.transport.jms.activemq.ActiveMQJmsConnector - Registering listener: apache-activemqFlow1 on endpointUri: jms://TestQueue
2018-01-22 16:00:34,695 [main] INFO  org.mule.transport.service.DefaultTransportServiceDescriptor - Loading default inbound transformer: org.mule.transport.jms.transformers.JMSMessageToObject
2018-01-22 16:00:34,695 [main] INFO  org.mule.transport.service.DefaultTransportServiceDescriptor - Loading default response transformer: org.mule.transport.jms.transformers.ObjectToJMSMessage
2018-01-22 16:00:34,710 [main] INFO  org.mule.lifecycle.AbstractLifecycleManager - Initialising: 'null'. Object is: MultiConsumerJmsMessageReceiver
2018-01-22 16:00:34,710 [main] INFO  org.mule.transport.jms.MultiConsumerJmsMessageReceiver - Connecting clusterizable message receiver
2018-01-22 16:00:34,757 [main] INFO  org.mule.transport.jms.MultiConsumerJmsMessageReceiver - Endpoint jms://TestQueue has been successfully reconnected.
2018-01-22 16:00:34,757 [main] INFO  org.mule.lifecycle.AbstractLifecycleManager - Starting: 'null'. Object is: MultiConsumerJmsMessageReceiver
2018-01-22 16:00:34,757 [main] INFO  org.mule.transport.jms.MultiConsumerJmsMessageReceiver - Starting clusterizable message receiver
2018-01-22 16:00:34,757 [main] INFO  org.mule.module.management.agent.WrapperManagerAgent - This JVM hasn't been launched by the wrapper, the agent will not run.
2018-01-22 16:00:34,773 [main] INFO  org.mule.module.management.agent.AbstractJmxAgent - Attempting to register service with name: Mule.apache-activemq:type=Endpoint,service="apache-activemqFlow1",connector=Active_MQ,name="endpoint.jms.TestQueue"
2018-01-22 16:00:34,773 [main] INFO  org.mule.module.management.agent.AbstractJmxAgent - Registered Endpoint Service with name: Mule.apache-activemq:type=Endpoint,service="apache-activemqFlow1",connector=Active_MQ,name="endpoint.jms.TestQueue"
2018-01-22 16:00:34,773 [main] INFO  org.mule.module.management.agent.AbstractJmxAgent - Registered Connector Service with name Mule.apache-activemq:type=Connector,name="connector.file.mule.default"
2018-01-22 16:00:34,773 [main] INFO  org.mule.module.management.agent.AbstractJmxAgent - Registered Connector Service with name Mule.apache-activemq:type=Connector,name="Active_MQ1"
2018-01-22 16:00:34,773 [main] INFO  org.mule.module.management.agent.AbstractJmxAgent - Registered Connector Service with name Mule.apache-activemq:type=Connector,name="Active_MQ"
2018-01-22 16:00:34,773 [main] INFO  org.mule.DefaultMuleContext - 
**********************************************************************
* Application: apache-activemq                                       *
* OS encoding: \, Mule encoding: UTF-8                               *
*                                                                    *
* Agents Running:                                                    *
*   Batch module default engine                                      *
*   JMX Agent                                                        *
*   DevKit Extension Information                                     *
*   Wrapper Manager                                                  *
**********************************************************************
2018-01-22 16:01:01,233 [[apache-activemq].HTTP_Listener_Configuration.worker.01] INFO  org.mule.transport.service.DefaultTransportServiceDescriptor - Loading default outbound transformer: org.mule.transport.jms.transformers.ObjectToJMSMessage
2018-01-22 16:01:01,233 [[apache-activemq].HTTP_Listener_Configuration.worker.01] INFO  org.mule.transport.service.DefaultTransportServiceDescriptor - Loading default response transformer: org.mule.transport.jms.transformers.ObjectToJMSMessage
2018-01-22 16:01:01,233 [[apache-activemq].HTTP_Listener_Configuration.worker.01] WARN  com.mulesoft.mule.transport.jms.EeJmsMessageDispatcher - Starting patched JmsMessageReceiver
2018-01-22 16:01:01,234 [[apache-activemq].HTTP_Listener_Configuration.worker.01] INFO  org.mule.lifecycle.AbstractLifecycleManager - Initialising: 'Active_MQ.dispatcher.1508515683'. Object is: EeJmsMessageDispatcher
2018-01-22 16:01:01,234 [[apache-activemq].HTTP_Listener_Configuration.worker.01] INFO  org.mule.lifecycle.AbstractLifecycleManager - Starting: 'Active_MQ.dispatcher.1508515683'. Object is: EeJmsMessageDispatcher
2018-01-22 16:03:00,038 [main] INFO  org.mule.module.launcher.application.DefaultMuleApplication - 
++++++++++++++++++++++++++++++++++++++++++++++++++++++++++++
+ Initializing app 'apache-activemq'                       +
++++++++++++++++++++++++++++++++++++++++++++++++++++++++++++
2018-01-22 16:03:00,179 [main] INFO  org.mule.lifecycle.AbstractLifecycleManager - Initialising RegistryBroker
2018-01-22 16:03:00,272 [main] INFO  org.mule.module.extension.internal.manager.DefaultExtensionManager - Starting discovery of extensions
2018-01-22 16:03:00,366 [main] INFO  org.mule.module.extension.internal.manager.DefaultExtensionManager - Discovered 1 extensions
2018-01-22 16:03:00,366 [main] INFO  org.mule.module.extension.internal.manager.DefaultExtensionManager - Registering extension validation (version 3.8)
2018-01-22 16:03:00,413 [main] INFO  org.mule.config.spring.MuleArtifactContext - Refreshing org.mule.config.spring.MuleArtifactContext@1ac85b0c: startup date [Mon Jan 22 16:03:00 IST 2018]; root of context hierarchy
2018-01-22 16:03:01,477 [main] INFO  org.mule.config.spring.processors.NoDevkitInjectorProcessor - JSR-330 'javax.inject.Inject' annotation found and supported for autowiring
2018-01-22 16:03:02,100 [main] WARN  org.mule.module.ognl.expression.OgnlExpressionEvaluator - OGNL module is deprecated and will be removed in Mule 4.0. Use MEL expressions instead.
2018-01-22 16:03:02,725 [main] INFO  org.mule.util.journal.TransactionJournal - Using files for tx logs C:\Users\EAI\AnypointStudio\workspace\mule_soft\.mule\.\.mule\apache-activemq\queue-tx-log\tx1.log and C:\Users\EAI\AnypointStudio\workspace\mule_soft\.mule\.\.mule\apache-activemq\queue-tx-log\tx2.log
2018-01-22 16:03:02,740 [main] INFO  org.mule.util.journal.TransactionJournal - Using files for tx logs C:\Users\EAI\AnypointStudio\workspace\mule_soft\.mule\.\.mule\apache-activemq\queue-xa-tx-log\tx1.log and C:\Users\EAI\AnypointStudio\workspace\mule_soft\.mule\.\.mule\apache-activemq\queue-xa-tx-log\tx2.log
2018-01-22 16:03:02,740 [main] INFO  org.mule.lifecycle.AbstractLifecycleManager - Initialising connector: Active_MQ
2018-01-22 16:03:02,786 [main] INFO  org.mule.lifecycle.AbstractLifecycleManager - Initialising connector: Active_MQ1
2018-01-22 16:03:02,802 [main] INFO  org.mule.lifecycle.AbstractLifecycleManager - Initialising connector: connector.file.mule.default
2018-01-22 16:03:02,865 [main] INFO  org.mule.lifecycle.AbstractLifecycleManager - Initialising model: _muleSystemModel
2018-01-22 16:03:02,880 [main] INFO  org.mule.construct.FlowConstructLifecycleManager - Initialising flow: apache-activemqFlow
2018-01-22 16:03:02,880 [main] INFO  org.mule.exception.DefaultMessagingExceptionStrategy - Initialising exception listener: org.mule.exception.DefaultMessagingExceptionStrategy@48a2db72
2018-01-22 16:03:02,896 [main] INFO  org.mule.processor.SedaStageLifecycleManager - Initialising service: apache-activemqFlow.stage1
2018-01-22 16:03:02,896 [main] INFO  org.mule.construct.FlowConstructLifecycleManager - Initialising flow: apache-activemqFlow1
2018-01-22 16:03:02,896 [main] INFO  org.mule.exception.DefaultMessagingExceptionStrategy - Initialising exception listener: org.mule.exception.DefaultMessagingExceptionStrategy@1d98daa0
2018-01-22 16:03:02,911 [main] INFO  org.mule.processor.SedaStageLifecycleManager - Initialising service: apache-activemqFlow1.stage1
2018-01-22 16:03:03,115 [main] INFO  org.mule.config.spring.SpringXmlConfigurationBuilder - Configured Mule using "org.mule.config.spring.SpringXmlConfigurationBuilder" with configuration resource(s): "[ConfigResource{resourceName='C:\Users\EAI\AnypointStudio\workspace\mule_soft\.mule\apps\apache-activemq\apache-activemq.xml'}]"
2018-01-22 16:03:03,115 [main] INFO  org.mule.config.builders.AutoConfigurationBuilder - Configured Mule using "org.mule.config.builders.AutoConfigurationBuilder" with configuration resource(s): "[ConfigResource{resourceName='C:\Users\EAI\AnypointStudio\workspace\mule_soft\.mule\apps\apache-activemq\apache-activemq.xml'}]"
2018-01-22 16:03:06,181 [main] INFO  org.mule.module.launcher.application.DefaultMuleApplication - 
++++++++++++++++++++++++++++++++++++++++++++++++++++++++++++
+ Starting app 'apache-activemq'                           +
++++++++++++++++++++++++++++++++++++++++++++++++++++++++++++
2018-01-22 16:03:06,187 [main] INFO  org.mule.util.queue.QueueXaResourceManager - Starting ResourceManager
2018-01-22 16:03:06,187 [main] INFO  org.mule.util.queue.QueueXaResourceManager - Started ResourceManager
2018-01-22 16:03:06,234 [main] INFO  org.mule.module.http.internal.listener.DefaultHttpListenerConfig - Listening for requests on http://0.0.0.0:8081
2018-01-22 16:03:06,531 [main] INFO  org.mule.transport.jms.activemq.ActiveMQJmsConnector - Connected: ActiveMQJmsConnector
{
  name=Active_MQ
  lifecycle=initialise
  this=796f632b
  numberOfConcurrentTransactedReceivers=4
  createMultipleTransactedReceivers=true
  connected=true
  supportedProtocols=[jms]
  serviceOverrides=<none>
}

2018-01-22 16:03:06,531 [main] INFO  org.mule.transport.jms.activemq.ActiveMQJmsConnector - Starting: ActiveMQJmsConnector
{
  name=Active_MQ
  lifecycle=initialise
  this=796f632b
  numberOfConcurrentTransactedReceivers=4
  createMultipleTransactedReceivers=true
  connected=true
  supportedProtocols=[jms]
  serviceOverrides=<none>
}

2018-01-22 16:03:06,531 [main] INFO  org.mule.lifecycle.AbstractLifecycleManager - Starting connector: Active_MQ
2018-01-22 16:03:06,531 [main] INFO  org.mule.transport.jms.activemq.ActiveMQJmsConnector - Connected: ActiveMQJmsConnector
{
  name=Active_MQ1
  lifecycle=initialise
  this=36f7d7b
  numberOfConcurrentTransactedReceivers=4
  createMultipleTransactedReceivers=true
  connected=true
  supportedProtocols=[jms]
  serviceOverrides=<none>
}

2018-01-22 16:03:06,531 [main] INFO  org.mule.transport.jms.activemq.ActiveMQJmsConnector - Starting: ActiveMQJmsConnector
{
  name=Active_MQ1
  lifecycle=initialise
  this=36f7d7b
  numberOfConcurrentTransactedReceivers=4
  createMultipleTransactedReceivers=true
  connected=true
  supportedProtocols=[jms]
  serviceOverrides=<none>
}

2018-01-22 16:03:06,531 [main] INFO  org.mule.lifecycle.AbstractLifecycleManager - Starting connector: Active_MQ1
2018-01-22 16:03:06,531 [main] INFO  org.mule.transport.file.FileConnector - Connected: FileConnector
{
  name=connector.file.mule.default
  lifecycle=initialise
  this=5792c08c
  numberOfConcurrentTransactedReceivers=4
  createMultipleTransactedReceivers=true
  connected=true
  supportedProtocols=[file]
  serviceOverrides=<none>
}

2018-01-22 16:03:06,531 [main] INFO  org.mule.transport.file.FileConnector - Starting: FileConnector
{
  name=connector.file.mule.default
  lifecycle=initialise
  this=5792c08c
  numberOfConcurrentTransactedReceivers=4
  createMultipleTransactedReceivers=true
  connected=true
  supportedProtocols=[file]
  serviceOverrides=<none>
}

2018-01-22 16:03:06,531 [main] INFO  org.mule.lifecycle.AbstractLifecycleManager - Starting connector: connector.file.mule.default
2018-01-22 16:03:06,546 [main] INFO  org.mule.modules.oauth2.provider.agents.DefaultSplashScreenAgent - 
++++++++++++++++++++++++++++++++++++++++++++++++++++++++++++++++++++++++++++++++
+ DevKit Extensions (0) used in this application 
                             +
++++++++++++++++++++++++++++++++++++++++++++++++++++++++++++++++++++++++++++++++
2018-01-22 16:03:06,546 [main] INFO  org.mule.lifecycle.AbstractLifecycleManager - Starting model: _muleSystemModel
2018-01-22 16:03:06,546 [main] INFO  org.mule.construct.FlowConstructLifecycleManager - Starting flow: apache-activemqFlow
2018-01-22 16:03:06,546 [main] INFO  org.mule.processor.SedaStageLifecycleManager - Starting service: apache-activemqFlow.stage1
2018-01-22 16:03:06,546 [main] INFO  org.mule.construct.FlowConstructLifecycleManager - Starting flow: apache-activemqFlow1
2018-01-22 16:03:06,546 [main] INFO  org.mule.processor.SedaStageLifecycleManager - Starting service: apache-activemqFlow1.stage1
2018-01-22 16:03:06,578 [main] INFO  org.mule.transport.jms.activemq.ActiveMQJmsConnector - Registering listener: apache-activemqFlow1 on endpointUri: jms://testqueue
2018-01-22 16:03:06,593 [main] INFO  org.mule.transport.service.DefaultTransportServiceDescriptor - Loading default inbound transformer: org.mule.transport.jms.transformers.JMSMessageToObject
2018-01-22 16:03:06,593 [main] INFO  org.mule.transport.service.DefaultTransportServiceDescriptor - Loading default response transformer: org.mule.transport.jms.transformers.ObjectToJMSMessage
2018-01-22 16:03:06,593 [main] INFO  org.mule.lifecycle.AbstractLifecycleManager - Initialising: 'null'. Object is: MultiConsumerJmsMessageReceiver
2018-01-22 16:03:06,593 [main] INFO  org.mule.transport.jms.MultiConsumerJmsMessageReceiver - Connecting clusterizable message receiver
2018-01-22 16:03:06,703 [main] INFO  org.mule.transport.jms.MultiConsumerJmsMessageReceiver - Endpoint jms://testqueue has been successfully reconnected.
2018-01-22 16:03:06,703 [main] INFO  org.mule.lifecycle.AbstractLifecycleManager - Starting: 'null'. Object is: MultiConsumerJmsMessageReceiver
2018-01-22 16:03:06,703 [main] INFO  org.mule.transport.jms.MultiConsumerJmsMessageReceiver - Starting clusterizable message receiver
2018-01-22 16:03:06,703 [main] INFO  org.mule.module.management.agent.WrapperManagerAgent - This JVM hasn't been launched by the wrapper, the agent will not run.
2018-01-22 16:03:06,718 [main] INFO  org.mule.module.management.agent.AbstractJmxAgent - Attempting to register service with name: Mule.apache-activemq:type=Endpoint,service="apache-activemqFlow1",connector=Active_MQ,name="endpoint.jms.testqueue"
2018-01-22 16:03:06,718 [main] INFO  org.mule.module.management.agent.AbstractJmxAgent - Registered Endpoint Service with name: Mule.apache-activemq:type=Endpoint,service="apache-activemqFlow1",connector=Active_MQ,name="endpoint.jms.testqueue"
2018-01-22 16:03:06,718 [main] INFO  org.mule.module.management.agent.AbstractJmxAgent - Registered Connector Service with name Mule.apache-activemq:type=Connector,name="connector.file.mule.default"
2018-01-22 16:03:06,718 [main] INFO  org.mule.module.management.agent.AbstractJmxAgent - Registered Connector Service with name Mule.apache-activemq:type=Connector,name="Active_MQ1"
2018-01-22 16:03:06,718 [main] INFO  org.mule.module.management.agent.AbstractJmxAgent - Registered Connector Service with name Mule.apache-activemq:type=Connector,name="Active_MQ"
2018-01-22 16:03:06,734 [main] INFO  org.mule.DefaultMuleContext - 
**********************************************************************
* Application: apache-activemq                                       *
* OS encoding: \, Mule encoding: UTF-8                               *
*                                                                    *
* Agents Running:                                                    *
*   Batch module default engine                                      *
*   JMX Agent                                                        *
*   DevKit Extension Information                                     *
*   Wrapper Manager                                                  *
**********************************************************************
2018-01-22 16:03:13,067 [[apache-activemq].HTTP_Listener_Configuration.worker.01] INFO  org.mule.transport.service.DefaultTransportServiceDescriptor - Loading default outbound transformer: org.mule.transport.jms.transformers.ObjectToJMSMessage
2018-01-22 16:03:13,067 [[apache-activemq].HTTP_Listener_Configuration.worker.01] INFO  org.mule.transport.service.DefaultTransportServiceDescriptor - Loading default response transformer: org.mule.transport.jms.transformers.ObjectToJMSMessage
2018-01-22 16:03:13,068 [[apache-activemq].HTTP_Listener_Configuration.worker.01] WARN  com.mulesoft.mule.transport.jms.EeJmsMessageDispatcher - Starting patched JmsMessageReceiver
2018-01-22 16:03:13,068 [[apache-activemq].HTTP_Listener_Configuration.worker.01] INFO  org.mule.lifecycle.AbstractLifecycleManager - Initialising: 'Active_MQ.dispatcher.425925343'. Object is: EeJmsMessageDispatcher
2018-01-22 16:03:13,068 [[apache-activemq].HTTP_Listener_Configuration.worker.01] INFO  org.mule.lifecycle.AbstractLifecycleManager - Starting: 'Active_MQ.dispatcher.425925343'. Object is: EeJmsMessageDispatcher
2018-01-22 16:03:13,129 [[apache-activemq].connector.file.mule.default.dispatcher.01] INFO  org.mule.lifecycle.AbstractLifecycleManager - Initialising: 'connector.file.mule.default.dispatcher.1215216277'. Object is: FileMessageDispatcher
2018-01-22 16:03:13,135 [[apache-activemq].connector.file.mule.default.dispatcher.01] INFO  org.mule.lifecycle.AbstractLifecycleManager - Starting: 'connector.file.mule.default.dispatcher.1215216277'. Object is: FileMessageDispatcher
2018-01-22 16:03:13,144 [[apache-activemq].connector.file.mule.default.dispatcher.01] INFO  org.mule.transport.file.FileConnector - Writing file to: C:\Users\EAI\AnypointStudio\workspace\mule_soft\apache-activemq\src\test\resources\out\a6137b00-ff5f-11e7-bc49-7c5cf8670f6c.dat
2018-01-22 16:04:02,701 [main] INFO  org.mule.module.launcher.application.DefaultMuleApplication - 
++++++++++++++++++++++++++++++++++++++++++++++++++++++++++++
+ Initializing app 'apache-activemq'                       +
++++++++++++++++++++++++++++++++++++++++++++++++++++++++++++
2018-01-22 16:04:02,830 [main] INFO  org.mule.lifecycle.AbstractLifecycleManager - Initialising RegistryBroker
2018-01-22 16:04:02,909 [main] INFO  org.mule.module.extension.internal.manager.DefaultExtensionManager - Starting discovery of extensions
2018-01-22 16:04:02,998 [main] INFO  org.mule.module.extension.internal.manager.DefaultExtensionManager - Discovered 1 extensions
2018-01-22 16:04:02,998 [main] INFO  org.mule.module.extension.internal.manager.DefaultExtensionManager - Registering extension validation (version 3.8)
2018-01-22 16:04:03,045 [main] INFO  org.mule.config.spring.MuleArtifactContext - Refreshing org.mule.config.spring.MuleArtifactContext@3aa3193a: startup date [Mon Jan 22 16:04:03 IST 2018]; root of context hierarchy
2018-01-22 16:04:04,117 [main] INFO  org.mule.config.spring.processors.NoDevkitInjectorProcessor - JSR-330 'javax.inject.Inject' annotation found and supported for autowiring
2018-01-22 16:04:04,791 [main] WARN  org.mule.module.ognl.expression.OgnlExpressionEvaluator - OGNL module is deprecated and will be removed in Mule 4.0. Use MEL expressions instead.
2018-01-22 16:04:05,412 [main] INFO  org.mule.util.journal.TransactionJournal - Using files for tx logs C:\Users\EAI\AnypointStudio\workspace\mule_soft\.mule\.\.mule\apache-activemq\queue-tx-log\tx1.log and C:\Users\EAI\AnypointStudio\workspace\mule_soft\.mule\.\.mule\apache-activemq\queue-tx-log\tx2.log
2018-01-22 16:04:05,413 [main] INFO  org.mule.util.journal.TransactionJournal - Using files for tx logs C:\Users\EAI\AnypointStudio\workspace\mule_soft\.mule\.\.mule\apache-activemq\queue-xa-tx-log\tx1.log and C:\Users\EAI\AnypointStudio\workspace\mule_soft\.mule\.\.mule\apache-activemq\queue-xa-tx-log\tx2.log
2018-01-22 16:04:05,413 [main] INFO  org.mule.lifecycle.AbstractLifecycleManager - Initialising connector: Active_MQ
2018-01-22 16:04:05,464 [main] INFO  org.mule.lifecycle.AbstractLifecycleManager - Initialising connector: Active_MQ1
2018-01-22 16:04:05,477 [main] INFO  org.mule.lifecycle.AbstractLifecycleManager - Initialising connector: connector.file.mule.default
2018-01-22 16:04:05,547 [main] INFO  org.mule.lifecycle.AbstractLifecycleManager - Initialising model: _muleSystemModel
2018-01-22 16:04:05,550 [main] INFO  org.mule.construct.FlowConstructLifecycleManager - Initialising flow: apache-activemqFlow
2018-01-22 16:04:05,551 [main] INFO  org.mule.exception.DefaultMessagingExceptionStrategy - Initialising exception listener: org.mule.exception.DefaultMessagingExceptionStrategy@68c9e023
2018-01-22 16:04:05,576 [main] INFO  org.mule.processor.SedaStageLifecycleManager - Initialising service: apache-activemqFlow.stage1
2018-01-22 16:04:05,583 [main] INFO  org.mule.construct.FlowConstructLifecycleManager - Initialising flow: apache-activemqFlow1
2018-01-22 16:04:05,583 [main] INFO  org.mule.exception.DefaultMessagingExceptionStrategy - Initialising exception listener: org.mule.exception.DefaultMessagingExceptionStrategy@429aeac1
2018-01-22 16:04:05,587 [main] INFO  org.mule.processor.SedaStageLifecycleManager - Initialising service: apache-activemqFlow1.stage1
2018-01-22 16:04:05,762 [main] INFO  org.mule.config.spring.SpringXmlConfigurationBuilder - Configured Mule using "org.mule.config.spring.SpringXmlConfigurationBuilder" with configuration resource(s): "[ConfigResource{resourceName='C:\Users\EAI\AnypointStudio\workspace\mule_soft\.mule\apps\apache-activemq\apache-activemq.xml'}]"
2018-01-22 16:04:05,762 [main] INFO  org.mule.config.builders.AutoConfigurationBuilder - Configured Mule using "org.mule.config.builders.AutoConfigurationBuilder" with configuration resource(s): "[ConfigResource{resourceName='C:\Users\EAI\AnypointStudio\workspace\mule_soft\.mule\apps\apache-activemq\apache-activemq.xml'}]"
2018-01-22 16:04:08,794 [main] INFO  org.mule.module.launcher.application.DefaultMuleApplication - 
++++++++++++++++++++++++++++++++++++++++++++++++++++++++++++
+ Starting app 'apache-activemq'                           +
++++++++++++++++++++++++++++++++++++++++++++++++++++++++++++
2018-01-22 16:04:08,798 [main] INFO  org.mule.util.queue.QueueXaResourceManager - Starting ResourceManager
2018-01-22 16:04:08,798 [main] INFO  org.mule.util.queue.QueueXaResourceManager - Started ResourceManager
2018-01-22 16:04:08,849 [main] INFO  org.mule.module.http.internal.listener.DefaultHttpListenerConfig - Listening for requests on http://0.0.0.0:8081
2018-01-22 16:04:09,187 [main] INFO  org.mule.transport.jms.activemq.ActiveMQJmsConnector - Connected: ActiveMQJmsConnector
{
  name=Active_MQ
  lifecycle=initialise
  this=2e13f304
  numberOfConcurrentTransactedReceivers=4
  createMultipleTransactedReceivers=true
  connected=true
  supportedProtocols=[jms]
  serviceOverrides=<none>
}

2018-01-22 16:04:09,187 [main] INFO  org.mule.transport.jms.activemq.ActiveMQJmsConnector - Starting: ActiveMQJmsConnector
{
  name=Active_MQ
  lifecycle=initialise
  this=2e13f304
  numberOfConcurrentTransactedReceivers=4
  createMultipleTransactedReceivers=true
  connected=true
  supportedProtocols=[jms]
  serviceOverrides=<none>
}

2018-01-22 16:04:09,189 [main] INFO  org.mule.lifecycle.AbstractLifecycleManager - Starting connector: Active_MQ
2018-01-22 16:04:09,202 [main] INFO  org.mule.transport.jms.activemq.ActiveMQJmsConnector - Connected: ActiveMQJmsConnector
{
  name=Active_MQ1
  lifecycle=initialise
  this=7c281eb8
  numberOfConcurrentTransactedReceivers=4
  createMultipleTransactedReceivers=true
  connected=true
  supportedProtocols=[jms]
  serviceOverrides=<none>
}

2018-01-22 16:04:09,202 [main] INFO  org.mule.transport.jms.activemq.ActiveMQJmsConnector - Starting: ActiveMQJmsConnector
{
  name=Active_MQ1
  lifecycle=initialise
  this=7c281eb8
  numberOfConcurrentTransactedReceivers=4
  createMultipleTransactedReceivers=true
  connected=true
  supportedProtocols=[jms]
  serviceOverrides=<none>
}

2018-01-22 16:04:09,202 [main] INFO  org.mule.lifecycle.AbstractLifecycleManager - Starting connector: Active_MQ1
2018-01-22 16:04:09,202 [main] INFO  org.mule.transport.file.FileConnector - Connected: FileConnector
{
  name=connector.file.mule.default
  lifecycle=initialise
  this=310ed6b4
  numberOfConcurrentTransactedReceivers=4
  createMultipleTransactedReceivers=true
  connected=true
  supportedProtocols=[file]
  serviceOverrides=<none>
}

2018-01-22 16:04:09,202 [main] INFO  org.mule.transport.file.FileConnector - Starting: FileConnector
{
  name=connector.file.mule.default
  lifecycle=initialise
  this=310ed6b4
  numberOfConcurrentTransactedReceivers=4
  createMultipleTransactedReceivers=true
  connected=true
  supportedProtocols=[file]
  serviceOverrides=<none>
}

2018-01-22 16:04:09,202 [main] INFO  org.mule.lifecycle.AbstractLifecycleManager - Starting connector: connector.file.mule.default
2018-01-22 16:04:09,205 [main] INFO  org.mule.modules.oauth2.provider.agents.DefaultSplashScreenAgent - 
++++++++++++++++++++++++++++++++++++++++++++++++++++++++++++++++++++++++++++++++
+ DevKit Extensions (0) used in this application 
                             +
++++++++++++++++++++++++++++++++++++++++++++++++++++++++++++++++++++++++++++++++
2018-01-22 16:04:09,208 [main] INFO  org.mule.lifecycle.AbstractLifecycleManager - Starting model: _muleSystemModel
2018-01-22 16:04:09,210 [main] INFO  org.mule.construct.FlowConstructLifecycleManager - Starting flow: apache-activemqFlow
2018-01-22 16:04:09,210 [main] INFO  org.mule.processor.SedaStageLifecycleManager - Starting service: apache-activemqFlow.stage1
2018-01-22 16:04:09,214 [main] INFO  org.mule.construct.FlowConstructLifecycleManager - Starting flow: apache-activemqFlow1
2018-01-22 16:04:09,215 [main] INFO  org.mule.processor.SedaStageLifecycleManager - Starting service: apache-activemqFlow1.stage1
2018-01-22 16:04:09,250 [main] INFO  org.mule.transport.jms.activemq.ActiveMQJmsConnector - Registering listener: apache-activemqFlow1 on endpointUri: jms://testqueue
2018-01-22 16:04:09,263 [main] INFO  org.mule.transport.service.DefaultTransportServiceDescriptor - Loading default inbound transformer: org.mule.transport.jms.transformers.JMSMessageToObject
2018-01-22 16:04:09,264 [main] INFO  org.mule.transport.service.DefaultTransportServiceDescriptor - Loading default response transformer: org.mule.transport.jms.transformers.ObjectToJMSMessage
2018-01-22 16:04:09,268 [main] INFO  org.mule.lifecycle.AbstractLifecycleManager - Initialising: 'null'. Object is: MultiConsumerJmsMessageReceiver
2018-01-22 16:04:09,269 [main] INFO  org.mule.transport.jms.MultiConsumerJmsMessageReceiver - Connecting clusterizable message receiver
2018-01-22 16:04:09,368 [main] INFO  org.mule.transport.jms.MultiConsumerJmsMessageReceiver - Endpoint jms://testqueue has been successfully reconnected.
2018-01-22 16:04:09,368 [main] INFO  org.mule.lifecycle.AbstractLifecycleManager - Starting: 'null'. Object is: MultiConsumerJmsMessageReceiver
2018-01-22 16:04:09,368 [main] INFO  org.mule.transport.jms.MultiConsumerJmsMessageReceiver - Starting clusterizable message receiver
2018-01-22 16:04:09,375 [main] INFO  org.mule.module.management.agent.WrapperManagerAgent - This JVM hasn't been launched by the wrapper, the agent will not run.
2018-01-22 16:04:09,390 [main] INFO  org.mule.module.management.agent.AbstractJmxAgent - Attempting to register service with name: Mule.apache-activemq:type=Endpoint,service="apache-activemqFlow1",connector=Active_MQ,name="endpoint.jms.testqueue"
2018-01-22 16:04:09,390 [main] INFO  org.mule.module.management.agent.AbstractJmxAgent - Registered Endpoint Service with name: Mule.apache-activemq:type=Endpoint,service="apache-activemqFlow1",connector=Active_MQ,name="endpoint.jms.testqueue"
2018-01-22 16:04:09,391 [main] INFO  org.mule.module.management.agent.AbstractJmxAgent - Registered Connector Service with name Mule.apache-activemq:type=Connector,name="connector.file.mule.default"
2018-01-22 16:04:09,391 [main] INFO  org.mule.module.management.agent.AbstractJmxAgent - Registered Connector Service with name Mule.apache-activemq:type=Connector,name="Active_MQ1"
2018-01-22 16:04:09,391 [main] INFO  org.mule.module.management.agent.AbstractJmxAgent - Registered Connector Service with name Mule.apache-activemq:type=Connector,name="Active_MQ"
2018-01-22 16:04:09,394 [main] INFO  org.mule.DefaultMuleContext - 
**********************************************************************
* Application: apache-activemq                                       *
* OS encoding: \, Mule encoding: UTF-8                               *
*                                                                    *
* Agents Running:                                                    *
*   Batch module default engine                                      *
*   JMX Agent                                                        *
*   DevKit Extension Information                                     *
*   Wrapper Manager                                                  *
**********************************************************************
2018-01-22 16:04:24,128 [[apache-activemq].HTTP_Listener_Configuration.worker.01] INFO  org.mule.transport.service.DefaultTransportServiceDescriptor - Loading default outbound transformer: org.mule.transport.jms.transformers.ObjectToJMSMessage
2018-01-22 16:04:24,129 [[apache-activemq].HTTP_Listener_Configuration.worker.01] INFO  org.mule.transport.service.DefaultTransportServiceDescriptor - Loading default response transformer: org.mule.transport.jms.transformers.ObjectToJMSMessage
2018-01-22 16:04:24,129 [[apache-activemq].HTTP_Listener_Configuration.worker.01] WARN  com.mulesoft.mule.transport.jms.EeJmsMessageDispatcher - Starting patched JmsMessageReceiver
2018-01-22 16:04:24,129 [[apache-activemq].HTTP_Listener_Configuration.worker.01] INFO  org.mule.lifecycle.AbstractLifecycleManager - Initialising: 'Active_MQ.dispatcher.276728307'. Object is: EeJmsMessageDispatcher
2018-01-22 16:04:24,129 [[apache-activemq].HTTP_Listener_Configuration.worker.01] INFO  org.mule.lifecycle.AbstractLifecycleManager - Starting: 'Active_MQ.dispatcher.276728307'. Object is: EeJmsMessageDispatcher
2018-01-22 16:04:24,186 [[apache-activemq].connector.file.mule.default.dispatcher.01] INFO  org.mule.lifecycle.AbstractLifecycleManager - Initialising: 'connector.file.mule.default.dispatcher.680151488'. Object is: FileMessageDispatcher
2018-01-22 16:04:24,191 [[apache-activemq].connector.file.mule.default.dispatcher.01] INFO  org.mule.lifecycle.AbstractLifecycleManager - Starting: 'connector.file.mule.default.dispatcher.680151488'. Object is: FileMessageDispatcher
2018-01-22 16:04:24,200 [[apache-activemq].connector.file.mule.default.dispatcher.01] INFO  org.mule.transport.file.FileConnector - Writing file to: C:\Users\EAI\AnypointStudio\workspace\mule_soft\apache-activemq\src\test\resources\out\d06deb10-ff5f-11e7-b077-7c5cf8670f6c.dat
