2018-01-22 15:02:38,721 [main] INFO  org.mule.module.launcher.application.DefaultMuleApplication - 
++++++++++++++++++++++++++++++++++++++++++++++++++++++++++++
+ Initializing app 'demo_maven'                            +
++++++++++++++++++++++++++++++++++++++++++++++++++++++++++++
2018-01-22 15:02:38,877 [main] INFO  org.mule.lifecycle.AbstractLifecycleManager - Initialising RegistryBroker
2018-01-22 15:02:38,955 [main] INFO  org.mule.module.extension.internal.manager.DefaultExtensionManager - Starting discovery of extensions
2018-01-22 15:02:39,034 [main] INFO  org.mule.module.extension.internal.manager.DefaultExtensionManager - Discovered 1 extensions
2018-01-22 15:02:39,034 [main] INFO  org.mule.module.extension.internal.manager.DefaultExtensionManager - Registering extension validation (version 3.8)
2018-01-22 15:02:39,080 [main] INFO  org.mule.config.spring.MuleArtifactContext - Refreshing org.mule.config.spring.MuleArtifactContext@780ec4a5: startup date [Mon Jan 22 15:02:39 IST 2018]; root of context hierarchy
2018-01-22 15:02:40,154 [main] INFO  org.mule.config.spring.processors.NoDevkitInjectorProcessor - JSR-330 'javax.inject.Inject' annotation found and supported for autowiring
2018-01-22 15:02:40,708 [main] WARN  org.mule.module.ognl.expression.OgnlExpressionEvaluator - OGNL module is deprecated and will be removed in Mule 4.0. Use MEL expressions instead.
2018-01-22 15:02:41,349 [main] INFO  org.mule.util.journal.TransactionJournal - Using files for tx logs C:\Users\EAI\AnypointStudio\workspace\mule_soft\.mule\.\.mule\demo_maven\queue-tx-log\tx1.log and C:\Users\EAI\AnypointStudio\workspace\mule_soft\.mule\.\.mule\demo_maven\queue-tx-log\tx2.log
2018-01-22 15:02:41,358 [main] INFO  org.mule.util.journal.TransactionJournal - Using files for tx logs C:\Users\EAI\AnypointStudio\workspace\mule_soft\.mule\.\.mule\demo_maven\queue-xa-tx-log\tx1.log and C:\Users\EAI\AnypointStudio\workspace\mule_soft\.mule\.\.mule\demo_maven\queue-xa-tx-log\tx2.log
2018-01-22 15:02:41,452 [main] INFO  org.mule.lifecycle.AbstractLifecycleManager - Initialising model: _muleSystemModel
2018-01-22 15:02:41,452 [main] INFO  org.mule.construct.FlowConstructLifecycleManager - Initialising flow: demo_mavenFlow
2018-01-22 15:02:41,452 [main] INFO  org.mule.exception.DefaultMessagingExceptionStrategy - Initialising exception listener: org.mule.exception.DefaultMessagingExceptionStrategy@58253c57
2018-01-22 15:02:41,467 [main] INFO  org.mule.processor.SedaStageLifecycleManager - Initialising service: demo_mavenFlow.stage1
2018-01-22 15:02:41,655 [main] INFO  org.mule.config.spring.SpringXmlConfigurationBuilder - Configured Mule using "org.mule.config.spring.SpringXmlConfigurationBuilder" with configuration resource(s): "[ConfigResource{resourceName='C:\Users\EAI\AnypointStudio\workspace\mule_soft\.mule\apps\demo_maven\demo_maven.xml'}]"
2018-01-22 15:02:41,655 [main] INFO  org.mule.config.builders.AutoConfigurationBuilder - Configured Mule using "org.mule.config.builders.AutoConfigurationBuilder" with configuration resource(s): "[ConfigResource{resourceName='C:\Users\EAI\AnypointStudio\workspace\mule_soft\.mule\apps\demo_maven\demo_maven.xml'}]"
2018-01-22 15:02:44,776 [main] INFO  org.mule.module.launcher.application.DefaultMuleApplication - 
++++++++++++++++++++++++++++++++++++++++++++++++++++++++++++
+ Starting app 'demo_maven'                                +
++++++++++++++++++++++++++++++++++++++++++++++++++++++++++++
2018-01-22 15:02:44,780 [main] INFO  org.mule.util.queue.QueueXaResourceManager - Starting ResourceManager
2018-01-22 15:02:44,780 [main] INFO  org.mule.util.queue.QueueXaResourceManager - Started ResourceManager
2018-01-22 15:02:44,907 [main] INFO  org.mule.module.http.internal.listener.DefaultHttpListenerConfig - Listening for requests on http://0.0.0.0:8081
2018-01-22 15:02:44,907 [main] INFO  org.mule.modules.oauth2.provider.agents.DefaultSplashScreenAgent - 
++++++++++++++++++++++++++++++++++++++++++++++++++++++++++++++++++++++++++++++++
+ DevKit Extensions (0) used in this application 
                             +
++++++++++++++++++++++++++++++++++++++++++++++++++++++++++++++++++++++++++++++++
2018-01-22 15:02:44,907 [main] INFO  org.mule.lifecycle.AbstractLifecycleManager - Starting model: _muleSystemModel
2018-01-22 15:02:44,907 [main] INFO  org.mule.construct.FlowConstructLifecycleManager - Starting flow: demo_mavenFlow
2018-01-22 15:02:44,907 [main] INFO  org.mule.processor.SedaStageLifecycleManager - Starting service: demo_mavenFlow.stage1
2018-01-22 15:02:44,938 [main] INFO  org.mule.module.management.agent.WrapperManagerAgent - This JVM hasn't been launched by the wrapper, the agent will not run.
2018-01-22 15:02:44,954 [main] INFO  org.mule.DefaultMuleContext - 
**********************************************************************
* Application: demo_maven                                            *
* OS encoding: \, Mule encoding: UTF-8                               *
*                                                                    *
* Agents Running:                                                    *
*   Batch module default engine                                      *
*   JMX Agent                                                        *
*   DevKit Extension Information                                     *
*   Wrapper Manager                                                  *
**********************************************************************
2018-01-22 15:04:38,793 [main] INFO  org.mule.module.launcher.application.DefaultMuleApplication - 
++++++++++++++++++++++++++++++++++++++++++++++++++++++++++++
+ Initializing app 'demo_maven'                            +
++++++++++++++++++++++++++++++++++++++++++++++++++++++++++++
2018-01-22 15:04:38,949 [main] INFO  org.mule.lifecycle.AbstractLifecycleManager - Initialising RegistryBroker
2018-01-22 15:04:39,043 [main] INFO  org.mule.module.extension.internal.manager.DefaultExtensionManager - Starting discovery of extensions
2018-01-22 15:04:39,136 [main] INFO  org.mule.module.extension.internal.manager.DefaultExtensionManager - Discovered 1 extensions
2018-01-22 15:04:39,136 [main] INFO  org.mule.module.extension.internal.manager.DefaultExtensionManager - Registering extension validation (version 3.8)
2018-01-22 15:04:39,188 [main] INFO  org.mule.config.spring.MuleArtifactContext - Refreshing org.mule.config.spring.MuleArtifactContext@780ec4a5: startup date [Mon Jan 22 15:04:39 IST 2018]; root of context hierarchy
2018-01-22 15:04:40,243 [main] INFO  org.mule.config.spring.processors.NoDevkitInjectorProcessor - JSR-330 'javax.inject.Inject' annotation found and supported for autowiring
2018-01-22 15:04:40,823 [main] WARN  org.mule.module.ognl.expression.OgnlExpressionEvaluator - OGNL module is deprecated and will be removed in Mule 4.0. Use MEL expressions instead.
2018-01-22 15:04:41,411 [main] INFO  org.mule.util.journal.TransactionJournal - Using files for tx logs C:\Users\EAI\AnypointStudio\workspace\mule_soft\.mule\.\.mule\demo_maven\queue-tx-log\tx1.log and C:\Users\EAI\AnypointStudio\workspace\mule_soft\.mule\.\.mule\demo_maven\queue-tx-log\tx2.log
2018-01-22 15:04:41,421 [main] INFO  org.mule.util.journal.TransactionJournal - Using files for tx logs C:\Users\EAI\AnypointStudio\workspace\mule_soft\.mule\.\.mule\demo_maven\queue-xa-tx-log\tx1.log and C:\Users\EAI\AnypointStudio\workspace\mule_soft\.mule\.\.mule\demo_maven\queue-xa-tx-log\tx2.log
2018-01-22 15:04:41,499 [main] INFO  org.mule.lifecycle.AbstractLifecycleManager - Initialising model: _muleSystemModel
2018-01-22 15:04:41,499 [main] INFO  org.mule.construct.FlowConstructLifecycleManager - Initialising flow: demo_mavenFlow
2018-01-22 15:04:41,499 [main] INFO  org.mule.exception.DefaultMessagingExceptionStrategy - Initialising exception listener: org.mule.exception.DefaultMessagingExceptionStrategy@6d67f5eb
2018-01-22 15:04:41,530 [main] INFO  org.mule.processor.SedaStageLifecycleManager - Initialising service: demo_mavenFlow.stage1
2018-01-22 15:04:41,530 [main] INFO  org.mule.component.ComponentLifecycleManager - Initialising component: component.1901824111
2018-01-22 15:04:41,718 [main] INFO  org.mule.config.spring.SpringXmlConfigurationBuilder - Configured Mule using "org.mule.config.spring.SpringXmlConfigurationBuilder" with configuration resource(s): "[ConfigResource{resourceName='C:\Users\EAI\AnypointStudio\workspace\mule_soft\.mule\apps\demo_maven\demo_maven.xml'}]"
2018-01-22 15:04:41,718 [main] INFO  org.mule.config.builders.AutoConfigurationBuilder - Configured Mule using "org.mule.config.builders.AutoConfigurationBuilder" with configuration resource(s): "[ConfigResource{resourceName='C:\Users\EAI\AnypointStudio\workspace\mule_soft\.mule\apps\demo_maven\demo_maven.xml'}]"
2018-01-22 15:04:44,755 [main] INFO  org.mule.module.launcher.application.DefaultMuleApplication - 
++++++++++++++++++++++++++++++++++++++++++++++++++++++++++++
+ Starting app 'demo_maven'                                +
++++++++++++++++++++++++++++++++++++++++++++++++++++++++++++
2018-01-22 15:04:44,755 [main] INFO  org.mule.util.queue.QueueXaResourceManager - Starting ResourceManager
2018-01-22 15:04:44,755 [main] INFO  org.mule.util.queue.QueueXaResourceManager - Started ResourceManager
2018-01-22 15:04:44,839 [main] INFO  org.mule.module.http.internal.listener.DefaultHttpListenerConfig - Listening for requests on http://0.0.0.0:8081
2018-01-22 15:04:44,839 [main] INFO  org.mule.modules.oauth2.provider.agents.DefaultSplashScreenAgent - 
++++++++++++++++++++++++++++++++++++++++++++++++++++++++++++++++++++++++++++++++
+ DevKit Extensions (0) used in this application 
                             +
++++++++++++++++++++++++++++++++++++++++++++++++++++++++++++++++++++++++++++++++
2018-01-22 15:04:44,839 [main] INFO  org.mule.lifecycle.AbstractLifecycleManager - Starting model: _muleSystemModel
2018-01-22 15:04:44,839 [main] INFO  org.mule.construct.FlowConstructLifecycleManager - Starting flow: demo_mavenFlow
2018-01-22 15:04:44,839 [main] INFO  org.mule.processor.SedaStageLifecycleManager - Starting service: demo_mavenFlow.stage1
2018-01-22 15:04:44,839 [main] INFO  org.mule.component.ComponentLifecycleManager - Starting component: component.1901824111
2018-01-22 15:04:44,886 [main] INFO  org.mule.module.management.agent.WrapperManagerAgent - This JVM hasn't been launched by the wrapper, the agent will not run.
2018-01-22 15:04:44,902 [main] INFO  org.mule.DefaultMuleContext - 
**********************************************************************
* Application: demo_maven                                            *
* OS encoding: \, Mule encoding: UTF-8                               *
*                                                                    *
* Agents Running:                                                    *
*   Batch module default engine                                      *
*   JMX Agent                                                        *
*   DevKit Extension Information                                     *
*   Wrapper Manager                                                  *
**********************************************************************
2018-01-22 15:04:50,013 [[demo_maven].HTTP_Listener_Configuration.worker.01] INFO  org.mule.component.simple.LogComponent - 
********************************************************************************
* Message received in service: demo_mavenFlow. Content is: '{NullPayload}'     *
********************************************************************************
2018-01-22 15:05:58,691 [[demo_maven].HTTP_Listener_Configuration.worker.01] INFO  org.mule.component.simple.LogComponent - 
********************************************************************************
* Message received in service: demo_mavenFlow. Content is: '{NullPayload}'     *
********************************************************************************
2018-01-22 15:07:22,986 [main] INFO  org.mule.module.launcher.application.DefaultMuleApplication - 
++++++++++++++++++++++++++++++++++++++++++++++++++++++++++++
+ Initializing app 'demo_maven'                            +
++++++++++++++++++++++++++++++++++++++++++++++++++++++++++++
2018-01-22 15:07:23,192 [main] INFO  org.mule.lifecycle.AbstractLifecycleManager - Initialising RegistryBroker
2018-01-22 15:07:23,301 [main] INFO  org.mule.module.extension.internal.manager.DefaultExtensionManager - Starting discovery of extensions
2018-01-22 15:07:23,411 [main] INFO  org.mule.module.extension.internal.manager.DefaultExtensionManager - Discovered 1 extensions
2018-01-22 15:07:23,411 [main] INFO  org.mule.module.extension.internal.manager.DefaultExtensionManager - Registering extension validation (version 3.8)
2018-01-22 15:07:23,458 [main] INFO  org.mule.config.spring.MuleArtifactContext - Refreshing org.mule.config.spring.MuleArtifactContext@780ec4a5: startup date [Mon Jan 22 15:07:23 IST 2018]; root of context hierarchy
2018-01-22 15:07:24,504 [main] INFO  org.mule.config.spring.processors.NoDevkitInjectorProcessor - JSR-330 'javax.inject.Inject' annotation found and supported for autowiring
2018-01-22 15:07:25,057 [main] WARN  org.mule.module.ognl.expression.OgnlExpressionEvaluator - OGNL module is deprecated and will be removed in Mule 4.0. Use MEL expressions instead.
2018-01-22 15:07:25,613 [main] INFO  org.mule.util.journal.TransactionJournal - Using files for tx logs C:\Users\EAI\AnypointStudio\workspace\mule_soft\.mule\.\.mule\demo_maven\queue-tx-log\tx1.log and C:\Users\EAI\AnypointStudio\workspace\mule_soft\.mule\.\.mule\demo_maven\queue-tx-log\tx2.log
2018-01-22 15:07:25,617 [main] INFO  org.mule.util.journal.TransactionJournal - Using files for tx logs C:\Users\EAI\AnypointStudio\workspace\mule_soft\.mule\.\.mule\demo_maven\queue-xa-tx-log\tx1.log and C:\Users\EAI\AnypointStudio\workspace\mule_soft\.mule\.\.mule\demo_maven\queue-xa-tx-log\tx2.log
2018-01-22 15:07:25,695 [main] INFO  org.mule.lifecycle.AbstractLifecycleManager - Initialising model: _muleSystemModel
2018-01-22 15:07:25,695 [main] INFO  org.mule.construct.FlowConstructLifecycleManager - Initialising flow: demo_mavenFlow
2018-01-22 15:07:25,695 [main] INFO  org.mule.exception.DefaultMessagingExceptionStrategy - Initialising exception listener: org.mule.exception.DefaultMessagingExceptionStrategy@558b4942
2018-01-22 15:07:25,727 [main] INFO  org.mule.processor.SedaStageLifecycleManager - Initialising service: demo_mavenFlow.stage1
2018-01-22 15:07:25,727 [main] INFO  org.mule.component.ComponentLifecycleManager - Initialising component: component.890060621
2018-01-22 15:07:25,914 [main] INFO  org.mule.config.spring.SpringXmlConfigurationBuilder - Configured Mule using "org.mule.config.spring.SpringXmlConfigurationBuilder" with configuration resource(s): "[ConfigResource{resourceName='C:\Users\EAI\AnypointStudio\workspace\mule_soft\.mule\apps\demo_maven\demo_maven.xml'}]"
2018-01-22 15:07:25,914 [main] INFO  org.mule.config.builders.AutoConfigurationBuilder - Configured Mule using "org.mule.config.builders.AutoConfigurationBuilder" with configuration resource(s): "[ConfigResource{resourceName='C:\Users\EAI\AnypointStudio\workspace\mule_soft\.mule\apps\demo_maven\demo_maven.xml'}]"
2018-01-22 15:07:28,958 [main] INFO  org.mule.module.launcher.application.DefaultMuleApplication - 
++++++++++++++++++++++++++++++++++++++++++++++++++++++++++++
+ Starting app 'demo_maven'                                +
++++++++++++++++++++++++++++++++++++++++++++++++++++++++++++
2018-01-22 15:07:28,964 [main] INFO  org.mule.util.queue.QueueXaResourceManager - Starting ResourceManager
2018-01-22 15:07:28,964 [main] INFO  org.mule.util.queue.QueueXaResourceManager - Started ResourceManager
2018-01-22 15:07:29,042 [main] INFO  org.mule.module.http.internal.listener.DefaultHttpListenerConfig - Listening for requests on http://0.0.0.0:8081
2018-01-22 15:07:29,042 [main] INFO  org.mule.modules.oauth2.provider.agents.DefaultSplashScreenAgent - 
++++++++++++++++++++++++++++++++++++++++++++++++++++++++++++++++++++++++++++++++
+ DevKit Extensions (0) used in this application 
                             +
++++++++++++++++++++++++++++++++++++++++++++++++++++++++++++++++++++++++++++++++
2018-01-22 15:07:29,058 [main] INFO  org.mule.lifecycle.AbstractLifecycleManager - Starting model: _muleSystemModel
2018-01-22 15:07:29,058 [main] INFO  org.mule.construct.FlowConstructLifecycleManager - Starting flow: demo_mavenFlow
2018-01-22 15:07:29,058 [main] INFO  org.mule.processor.SedaStageLifecycleManager - Starting service: demo_mavenFlow.stage1
2018-01-22 15:07:29,058 [main] INFO  org.mule.component.ComponentLifecycleManager - Starting component: component.890060621
2018-01-22 15:07:29,089 [main] INFO  org.mule.module.management.agent.WrapperManagerAgent - This JVM hasn't been launched by the wrapper, the agent will not run.
2018-01-22 15:07:29,105 [main] INFO  org.mule.DefaultMuleContext - 
**********************************************************************
* Application: demo_maven                                            *
* OS encoding: \, Mule encoding: UTF-8                               *
*                                                                    *
* Agents Running:                                                    *
*   Batch module default engine                                      *
*   JMX Agent                                                        *
*   DevKit Extension Information                                     *
*   Wrapper Manager                                                  *
**********************************************************************
2018-01-22 15:07:35,450 [[demo_maven].HTTP_Listener_Configuration.worker.01] INFO  org.mule.component.simple.LogComponent - 
********************************************************************************
* Message received in service: demo_mavenFlow. Content is: '4'                 *
********************************************************************************
