2018-01-13 18:29:57,989 [main] INFO  org.mule.module.launcher.application.DefaultMuleApplication - 
++++++++++++++++++++++++++++++++++++++++++++++++++++++++++++
+ Initializing app 'munit_app'                             +
++++++++++++++++++++++++++++++++++++++++++++++++++++++++++++
2018-01-13 18:29:58,129 [main] INFO  org.mule.lifecycle.AbstractLifecycleManager - Initialising RegistryBroker
2018-01-13 18:29:58,223 [main] INFO  org.mule.module.extension.internal.manager.DefaultExtensionManager - Starting discovery of extensions
2018-01-13 18:29:58,332 [main] INFO  org.mule.module.extension.internal.manager.DefaultExtensionManager - Discovered 1 extensions
2018-01-13 18:29:58,332 [main] INFO  org.mule.module.extension.internal.manager.DefaultExtensionManager - Registering extension validation (version 3.8)
2018-01-13 18:29:58,410 [main] INFO  org.mule.config.spring.MuleArtifactContext - Refreshing org.mule.config.spring.MuleArtifactContext@544630b7: startup date [Sat Jan 13 18:29:58 IST 2018]; root of context hierarchy
2018-01-13 18:29:59,442 [main] INFO  org.mule.config.spring.processors.NoDevkitInjectorProcessor - JSR-330 'javax.inject.Inject' annotation found and supported for autowiring
2018-01-13 18:30:00,049 [main] WARN  org.mule.module.ognl.expression.OgnlExpressionEvaluator - OGNL module is deprecated and will be removed in Mule 4.0. Use MEL expressions instead.
2018-01-13 18:30:00,737 [main] INFO  org.mule.util.journal.TransactionJournal - Using files for tx logs C:\Users\EAI\AnypointStudio\workspace\mule_soft\.mule\.\.mule\munit_app\queue-tx-log\tx1.log and C:\Users\EAI\AnypointStudio\workspace\mule_soft\.mule\.\.mule\munit_app\queue-tx-log\tx2.log
2018-01-13 18:30:00,754 [main] INFO  org.mule.util.journal.TransactionJournal - Using files for tx logs C:\Users\EAI\AnypointStudio\workspace\mule_soft\.mule\.\.mule\munit_app\queue-xa-tx-log\tx1.log and C:\Users\EAI\AnypointStudio\workspace\mule_soft\.mule\.\.mule\munit_app\queue-xa-tx-log\tx2.log
2018-01-13 18:30:00,848 [main] INFO  org.mule.lifecycle.AbstractLifecycleManager - Initialising model: _muleSystemModel
2018-01-13 18:30:00,863 [main] INFO  org.mule.construct.FlowConstructLifecycleManager - Initialising flow: munit_appFlow
2018-01-13 18:30:00,863 [main] INFO  org.mule.exception.DefaultMessagingExceptionStrategy - Initialising exception listener: org.mule.exception.DefaultMessagingExceptionStrategy@430b2699
2018-01-13 18:30:00,879 [main] INFO  org.mule.processor.SedaStageLifecycleManager - Initialising service: munit_appFlow.stage1
2018-01-13 18:30:01,316 [main] INFO  org.mule.config.spring.SpringXmlConfigurationBuilder - Configured Mule using "org.mule.config.spring.SpringXmlConfigurationBuilder" with configuration resource(s): "[ConfigResource{resourceName='C:\Users\EAI\AnypointStudio\workspace\mule_soft\.mule\apps\munit_app\munit_app.xml'}]"
2018-01-13 18:30:01,316 [main] INFO  org.mule.config.builders.AutoConfigurationBuilder - Configured Mule using "org.mule.config.builders.AutoConfigurationBuilder" with configuration resource(s): "[ConfigResource{resourceName='C:\Users\EAI\AnypointStudio\workspace\mule_soft\.mule\apps\munit_app\munit_app.xml'}]"
2018-01-13 18:30:04,348 [main] INFO  org.mule.module.launcher.application.DefaultMuleApplication - 
++++++++++++++++++++++++++++++++++++++++++++++++++++++++++++
+ Starting app 'munit_app'                                 +
++++++++++++++++++++++++++++++++++++++++++++++++++++++++++++
2018-01-13 18:30:04,355 [main] INFO  org.mule.util.queue.QueueXaResourceManager - Starting ResourceManager
2018-01-13 18:30:04,355 [main] INFO  org.mule.util.queue.QueueXaResourceManager - Started ResourceManager
2018-01-13 18:30:04,402 [main] INFO  org.mule.module.http.internal.listener.DefaultHttpListenerConfig - Listening for requests on http://0.0.0.0:8081
2018-01-13 18:30:04,402 [main] INFO  org.mule.modules.oauth2.provider.agents.DefaultSplashScreenAgent - 
++++++++++++++++++++++++++++++++++++++++++++++++++++++++++++++++++++++++++++++++
+ DevKit Extensions (0) used in this application 
                             +
++++++++++++++++++++++++++++++++++++++++++++++++++++++++++++++++++++++++++++++++
2018-01-13 18:30:04,402 [main] INFO  org.mule.lifecycle.AbstractLifecycleManager - Starting model: _muleSystemModel
2018-01-13 18:30:04,402 [main] INFO  org.mule.construct.FlowConstructLifecycleManager - Starting flow: munit_appFlow
2018-01-13 18:30:04,402 [main] INFO  org.mule.processor.SedaStageLifecycleManager - Starting service: munit_appFlow.stage1
2018-01-13 18:30:04,433 [main] INFO  org.mule.module.management.agent.WrapperManagerAgent - This JVM hasn't been launched by the wrapper, the agent will not run.
2018-01-13 18:30:04,449 [main] INFO  org.mule.DefaultMuleContext - 
**********************************************************************
* Application: munit_app                                             *
* OS encoding: \, Mule encoding: UTF-8                               *
*                                                                    *
* Agents Running:                                                    *
*   DevKit Extension Information                                     *
*   JMX Agent                                                        *
*   Batch module default engine                                      *
*   Wrapper Manager                                                  *
**********************************************************************
2018-01-13 18:34:03,196 [main] INFO  org.mule.module.launcher.application.DefaultMuleApplication - 
++++++++++++++++++++++++++++++++++++++++++++++++++++++++++++
+ Initializing app 'munit_app'                             +
++++++++++++++++++++++++++++++++++++++++++++++++++++++++++++
2018-01-13 18:34:03,383 [main] INFO  org.mule.lifecycle.AbstractLifecycleManager - Initialising RegistryBroker
2018-01-13 18:34:03,477 [main] INFO  org.mule.module.extension.internal.manager.DefaultExtensionManager - Starting discovery of extensions
2018-01-13 18:34:03,571 [main] INFO  org.mule.module.extension.internal.manager.DefaultExtensionManager - Discovered 1 extensions
2018-01-13 18:34:03,571 [main] INFO  org.mule.module.extension.internal.manager.DefaultExtensionManager - Registering extension validation (version 3.8)
2018-01-13 18:34:03,633 [main] INFO  org.mule.config.spring.MuleArtifactContext - Refreshing org.mule.config.spring.MuleArtifactContext@544630b7: startup date [Sat Jan 13 18:34:03 IST 2018]; root of context hierarchy
2018-01-13 18:34:04,639 [main] INFO  org.mule.config.spring.processors.NoDevkitInjectorProcessor - JSR-330 'javax.inject.Inject' annotation found and supported for autowiring
2018-01-13 18:34:05,224 [main] WARN  org.mule.module.ognl.expression.OgnlExpressionEvaluator - OGNL module is deprecated and will be removed in Mule 4.0. Use MEL expressions instead.
2018-01-13 18:34:05,865 [main] INFO  org.mule.util.journal.TransactionJournal - Using files for tx logs C:\Users\EAI\AnypointStudio\workspace\mule_soft\.mule\.\.mule\munit_app\queue-tx-log\tx1.log and C:\Users\EAI\AnypointStudio\workspace\mule_soft\.mule\.\.mule\munit_app\queue-tx-log\tx2.log
2018-01-13 18:34:05,869 [main] INFO  org.mule.util.journal.TransactionJournal - Using files for tx logs C:\Users\EAI\AnypointStudio\workspace\mule_soft\.mule\.\.mule\munit_app\queue-xa-tx-log\tx1.log and C:\Users\EAI\AnypointStudio\workspace\mule_soft\.mule\.\.mule\munit_app\queue-xa-tx-log\tx2.log
2018-01-13 18:34:05,963 [main] INFO  org.mule.lifecycle.AbstractLifecycleManager - Initialising model: _muleSystemModel
2018-01-13 18:34:05,963 [main] INFO  org.mule.construct.FlowConstructLifecycleManager - Initialising flow: munit_appFlow
2018-01-13 18:34:05,963 [main] INFO  org.mule.exception.DefaultMessagingExceptionStrategy - Initialising exception listener: org.mule.exception.DefaultMessagingExceptionStrategy@111d5c97
2018-01-13 18:34:05,994 [main] INFO  org.mule.processor.SedaStageLifecycleManager - Initialising service: munit_appFlow.stage1
2018-01-13 18:34:06,197 [main] INFO  org.mule.config.spring.SpringXmlConfigurationBuilder - Configured Mule using "org.mule.config.spring.SpringXmlConfigurationBuilder" with configuration resource(s): "[ConfigResource{resourceName='C:\Users\EAI\AnypointStudio\workspace\mule_soft\.mule\apps\munit_app\munit_app.xml'}]"
2018-01-13 18:34:06,197 [main] INFO  org.mule.config.builders.AutoConfigurationBuilder - Configured Mule using "org.mule.config.builders.AutoConfigurationBuilder" with configuration resource(s): "[ConfigResource{resourceName='C:\Users\EAI\AnypointStudio\workspace\mule_soft\.mule\apps\munit_app\munit_app.xml'}]"
2018-01-13 18:34:09,228 [main] INFO  org.mule.module.launcher.application.DefaultMuleApplication - 
++++++++++++++++++++++++++++++++++++++++++++++++++++++++++++
+ Starting app 'munit_app'                                 +
++++++++++++++++++++++++++++++++++++++++++++++++++++++++++++
2018-01-13 18:34:09,236 [main] INFO  org.mule.util.queue.QueueXaResourceManager - Starting ResourceManager
2018-01-13 18:34:09,236 [main] INFO  org.mule.util.queue.QueueXaResourceManager - Started ResourceManager
2018-01-13 18:34:09,299 [main] INFO  org.mule.module.http.internal.listener.DefaultHttpListenerConfig - Listening for requests on http://0.0.0.0:8081
2018-01-13 18:34:09,299 [main] INFO  org.mule.modules.oauth2.provider.agents.DefaultSplashScreenAgent - 
++++++++++++++++++++++++++++++++++++++++++++++++++++++++++++++++++++++++++++++++
+ DevKit Extensions (0) used in this application 
                             +
++++++++++++++++++++++++++++++++++++++++++++++++++++++++++++++++++++++++++++++++
2018-01-13 18:34:09,314 [main] INFO  org.mule.lifecycle.AbstractLifecycleManager - Starting model: _muleSystemModel
2018-01-13 18:34:09,314 [main] INFO  org.mule.construct.FlowConstructLifecycleManager - Starting flow: munit_appFlow
2018-01-13 18:34:09,314 [main] INFO  org.mule.processor.SedaStageLifecycleManager - Starting service: munit_appFlow.stage1
2018-01-13 18:34:09,345 [main] INFO  org.mule.module.management.agent.WrapperManagerAgent - This JVM hasn't been launched by the wrapper, the agent will not run.
2018-01-13 18:34:09,377 [main] INFO  org.mule.DefaultMuleContext - 
**********************************************************************
* Application: munit_app                                             *
* OS encoding: \, Mule encoding: UTF-8                               *
*                                                                    *
* Agents Running:                                                    *
*   DevKit Extension Information                                     *
*   JMX Agent                                                        *
*   Batch module default engine                                      *
*   Wrapper Manager                                                  *
**********************************************************************
2018-01-13 18:37:52,896 [main] INFO  org.mule.module.launcher.application.DefaultMuleApplication - 
++++++++++++++++++++++++++++++++++++++++++++++++++++++++++++
+ Initializing app 'munit_app'                             +
++++++++++++++++++++++++++++++++++++++++++++++++++++++++++++
2018-01-13 18:37:53,052 [main] INFO  org.mule.lifecycle.AbstractLifecycleManager - Initialising RegistryBroker
2018-01-13 18:37:53,146 [main] INFO  org.mule.module.extension.internal.manager.DefaultExtensionManager - Starting discovery of extensions
2018-01-13 18:37:53,255 [main] INFO  org.mule.module.extension.internal.manager.DefaultExtensionManager - Discovered 1 extensions
2018-01-13 18:37:53,255 [main] INFO  org.mule.module.extension.internal.manager.DefaultExtensionManager - Registering extension validation (version 3.8)
2018-01-13 18:37:53,318 [main] INFO  org.mule.config.spring.MuleArtifactContext - Refreshing org.mule.config.spring.MuleArtifactContext@544630b7: startup date [Sat Jan 13 18:37:53 IST 2018]; root of context hierarchy
2018-01-13 18:37:54,380 [main] INFO  org.mule.config.spring.processors.NoDevkitInjectorProcessor - JSR-330 'javax.inject.Inject' annotation found and supported for autowiring
2018-01-13 18:37:55,020 [main] WARN  org.mule.module.ognl.expression.OgnlExpressionEvaluator - OGNL module is deprecated and will be removed in Mule 4.0. Use MEL expressions instead.
2018-01-13 18:37:55,660 [main] INFO  org.mule.util.journal.TransactionJournal - Using files for tx logs C:\Users\EAI\AnypointStudio\workspace\mule_soft\.mule\.\.mule\munit_app\queue-tx-log\tx1.log and C:\Users\EAI\AnypointStudio\workspace\mule_soft\.mule\.\.mule\munit_app\queue-tx-log\tx2.log
2018-01-13 18:37:55,676 [main] INFO  org.mule.util.journal.TransactionJournal - Using files for tx logs C:\Users\EAI\AnypointStudio\workspace\mule_soft\.mule\.\.mule\munit_app\queue-xa-tx-log\tx1.log and C:\Users\EAI\AnypointStudio\workspace\mule_soft\.mule\.\.mule\munit_app\queue-xa-tx-log\tx2.log
2018-01-13 18:37:55,770 [main] INFO  org.mule.lifecycle.AbstractLifecycleManager - Initialising model: _muleSystemModel
2018-01-13 18:37:55,770 [main] INFO  org.mule.construct.FlowConstructLifecycleManager - Initialising flow: munit_appFlow
2018-01-13 18:37:55,770 [main] INFO  org.mule.exception.DefaultMessagingExceptionStrategy - Initialising exception listener: org.mule.exception.DefaultMessagingExceptionStrategy@111d5c97
2018-01-13 18:37:55,801 [main] INFO  org.mule.processor.SedaStageLifecycleManager - Initialising service: munit_appFlow.stage1
2018-01-13 18:37:56,020 [main] INFO  org.mule.config.spring.SpringXmlConfigurationBuilder - Configured Mule using "org.mule.config.spring.SpringXmlConfigurationBuilder" with configuration resource(s): "[ConfigResource{resourceName='C:\Users\EAI\AnypointStudio\workspace\mule_soft\.mule\apps\munit_app\munit_app.xml'}]"
2018-01-13 18:37:56,020 [main] INFO  org.mule.config.builders.AutoConfigurationBuilder - Configured Mule using "org.mule.config.builders.AutoConfigurationBuilder" with configuration resource(s): "[ConfigResource{resourceName='C:\Users\EAI\AnypointStudio\workspace\mule_soft\.mule\apps\munit_app\munit_app.xml'}]"
2018-01-13 18:37:59,098 [main] INFO  org.mule.module.launcher.application.DefaultMuleApplication - 
++++++++++++++++++++++++++++++++++++++++++++++++++++++++++++
+ Starting app 'munit_app'                                 +
++++++++++++++++++++++++++++++++++++++++++++++++++++++++++++
2018-01-13 18:37:59,105 [main] INFO  org.mule.util.queue.QueueXaResourceManager - Starting ResourceManager
2018-01-13 18:37:59,105 [main] INFO  org.mule.util.queue.QueueXaResourceManager - Started ResourceManager
2018-01-13 18:37:59,230 [main] INFO  org.mule.module.http.internal.listener.DefaultHttpListenerConfig - Listening for requests on http://0.0.0.0:8081
2018-01-13 18:37:59,230 [main] INFO  org.mule.modules.oauth2.provider.agents.DefaultSplashScreenAgent - 
++++++++++++++++++++++++++++++++++++++++++++++++++++++++++++++++++++++++++++++++
+ DevKit Extensions (0) used in this application 
                             +
++++++++++++++++++++++++++++++++++++++++++++++++++++++++++++++++++++++++++++++++
2018-01-13 18:37:59,230 [main] INFO  org.mule.lifecycle.AbstractLifecycleManager - Starting model: _muleSystemModel
2018-01-13 18:37:59,230 [main] INFO  org.mule.construct.FlowConstructLifecycleManager - Starting flow: munit_appFlow
2018-01-13 18:37:59,230 [main] INFO  org.mule.processor.SedaStageLifecycleManager - Starting service: munit_appFlow.stage1
2018-01-13 18:37:59,262 [main] INFO  org.mule.module.management.agent.WrapperManagerAgent - This JVM hasn't been launched by the wrapper, the agent will not run.
2018-01-13 18:37:59,277 [main] INFO  org.mule.DefaultMuleContext - 
**********************************************************************
* Application: munit_app                                             *
* OS encoding: \, Mule encoding: UTF-8                               *
*                                                                    *
* Agents Running:                                                    *
*   DevKit Extension Information                                     *
*   JMX Agent                                                        *
*   Batch module default engine                                      *
*   Wrapper Manager                                                  *
**********************************************************************
